# JRE version: Java(TM) SE Runtime Environment (8.0_112-b15) (build 1.8.0_112-b15)
# Java VM: Java HotSpot(TM) 64-Bit Server VM (25.112-b15 mixed mode windows-amd64 compressed oops)
Heap:
 PSYoungGen      total 55296K, used 48360K [0x00000007bc400000, 0x00000007c0000000, 0x00000007c0000000)
  eden space 49152K, 92% used [0x00000007bc400000,0x00000007bf031320,0x00000007bf400000)
  from space 6144K, 50% used [0x00000007bfa00000,0x00000007bfd08f30,0x00000007c0000000)
  to   space 6144K, 0% used [0x00000007bf400000,0x00000007bf400000,0x00000007bfa00000)
 ParOldGen       total 148480K, used 68352K [0x0000000700000000, 0x0000000709100000, 0x00000007bc400000)
  object space 148480K, 46% used [0x0000000700000000,0x00000007042c02b0,0x0000000709100000)
 Metaspace       used 70059K, capacity 70661K, committed 71424K, reserved 1112064K
  class space    used 9530K, capacity 9636K, committed 9728K, reserved 1048576K
GC Heap History (10 events):
Event: 655.445 GC heap before
{Heap before GC invocations=174 (full 11):
 PSYoungGen      total 55296K, used 51405K [0x00000007bc400000, 0x00000007c0000000, 0x00000007c0000000)
  eden space 48640K, 100% used [0x00000007bc400000,0x00000007bf380000,0x00000007bf380000)
  from space 6656K, 41% used [0x00000007bf980000,0x00000007bfc33520,0x00000007c0000000)
  to   space 6144K, 0% used [0x00000007bf380000,0x00000007bf380000,0x00000007bf980000)
 ParOldGen       total 148480K, used 79647K [0x0000000700000000, 0x0000000709100000, 0x00000007bc400000)
  object space 148480K, 53% used [0x0000000700000000,0x0000000704dc7fd0,0x0000000709100000)
 Metaspace       used 69975K, capacity 70591K, committed 71424K, reserved 1112064K
  class space    used 9519K, capacity 9635K, committed 9728K, reserved 1048576K
Event: 655.449 GC heap after
Heap after GC invocations=174 (full 11):
 PSYoungGen      total 54784K, used 5254K [0x00000007bc400000, 0x00000007c0000000, 0x00000007c0000000)
  eden space 48640K, 0% used [0x00000007bc400000,0x00000007bc400000,0x00000007bf380000)
  from space 6144K, 85% used [0x00000007bf380000,0x00000007bf8a18f0,0x00000007bf980000)
  to   space 6656K, 0% used [0x00000007bf980000,0x00000007bf980000,0x00000007c0000000)
 ParOldGen       total 148480K, used 79655K [0x0000000700000000, 0x0000000709100000, 0x00000007bc400000)
  object space 148480K, 53% used [0x0000000700000000,0x0000000704dc9fd0,0x0000000709100000)
 Metaspace       used 69975K, capacity 70591K, committed 71424K, reserved 1112064K
  class space    used 9519K, capacity 9635K, committed 9728K, reserved 1048576K
}
Event: 656.194 GC heap before
{Heap before GC invocations=175 (full 11):
 PSYoungGen      total 54784K, used 25546K [0x00000007bc400000, 0x00000007c0000000, 0x00000007c0000000)
  eden space 48640K, 41% used [0x00000007bc400000,0x00000007bd7d0f20,0x00000007bf380000)
  from space 6144K, 85% used [0x00000007bf380000,0x00000007bf8a18f0,0x00000007bf980000)
  to   space 6656K, 0% used [0x00000007bf980000,0x00000007bf980000,0x00000007c0000000)
 ParOldGen       total 148480K, used 79655K [0x0000000700000000, 0x0000000709100000, 0x00000007bc400000)
  object space 148480K, 53% used [0x0000000700000000,0x0000000704dc9fd0,0x0000000709100000)
 Metaspace       used 69976K, capacity 70591K, committed 71424K, reserved 1112064K
  class space    used 9519K, capacity 9635K, committed 9728K, reserved 1048576K
Event: 656.198 GC heap after
Heap after GC invocations=175 (full 11):
 PSYoungGen      total 54784K, used 3391K [0x00000007bc400000, 0x00000007c0000000, 0x00000007c0000000)
  eden space 48128K, 0% used [0x00000007bc400000,0x00000007bc400000,0x00000007bf300000)
  from space 6656K, 50% used [0x00000007bf980000,0x00000007bfccfe60,0x00000007c0000000)
  to   space 6656K, 0% used [0x00000007bf300000,0x00000007bf300000,0x00000007bf980000)
 ParOldGen       total 148480K, used 79655K [0x0000000700000000, 0x0000000709100000, 0x00000007bc400000)
  object space 148480K, 53% used [0x0000000700000000,0x0000000704dc9fd0,0x0000000709100000)
 Metaspace       used 69976K, capacity 70591K, committed 71424K, reserved 1112064K
  class space    used 9519K, capacity 9635K, committed 9728K, reserved 1048576K
}
Event: 656.198 GC heap before
{Heap before GC invocations=176 (full 12):
 PSYoungGen      total 54784K, used 3391K [0x00000007bc400000, 0x00000007c0000000, 0x00000007c0000000)
  eden space 48128K, 0% used [0x00000007bc400000,0x00000007bc400000,0x00000007bf300000)
  from space 6656K, 50% used [0x00000007bf980000,0x00000007bfccfe60,0x00000007c0000000)
  to   space 6656K, 0% used [0x00000007bf300000,0x00000007bf300000,0x00000007bf980000)
 ParOldGen       total 148480K, used 79655K [0x0000000700000000, 0x0000000709100000, 0x00000007bc400000)
  object space 148480K, 53% used [0x0000000700000000,0x0000000704dc9fd0,0x0000000709100000)
 Metaspace       used 69976K, capacity 70591K, committed 71424K, reserved 1112064K
  class space    used 9519K, capacity 9635K, committed 9728K, reserved 1048576K
Event: 656.334 GC heap after
Heap after GC invocations=176 (full 12):
 PSYoungGen      total 54784K, used 0K [0x00000007bc400000, 0x00000007c0000000, 0x00000007c0000000)
  eden space 48128K, 0% used [0x00000007bc400000,0x00000007bc400000,0x00000007bf300000)
  from space 6656K, 0% used [0x00000007bf980000,0x00000007bf980000,0x00000007c0000000)
  to   space 6656K, 0% used [0x00000007bf300000,0x00000007bf300000,0x00000007bf980000)
 ParOldGen       total 148480K, used 68344K [0x0000000700000000, 0x0000000709100000, 0x00000007bc400000)
  object space 148480K, 46% used [0x0000000700000000,0x00000007042be2b0,0x0000000709100000)
 Metaspace       used 69976K, capacity 70591K, committed 71424K, reserved 1112064K
  class space    used 9519K, capacity 9635K, committed 9728K, reserved 1048576K
}
Event: 664.515 GC heap before
{Heap before GC invocations=177 (full 12):
 PSYoungGen      total 54784K, used 48128K [0x00000007bc400000, 0x00000007c0000000, 0x00000007c0000000)
  eden space 48128K, 100% used [0x00000007bc400000,0x00000007bf300000,0x00000007bf300000)
  from space 6656K, 0% used [0x00000007bf980000,0x00000007bf980000,0x00000007c0000000)
  to   space 6656K, 0% used [0x00000007bf300000,0x00000007bf300000,0x00000007bf980000)
 ParOldGen       total 148480K, used 68344K [0x0000000700000000, 0x0000000709100000, 0x00000007bc400000)
  object space 148480K, 46% used [0x0000000700000000,0x00000007042be2b0,0x0000000709100000)
 Metaspace       used 69982K, capacity 70591K, committed 71424K, reserved 1112064K
  class space    used 9519K, capacity 9635K, committed 9728K, reserved 1048576K
Event: 664.519 GC heap after
Heap after GC invocations=177 (full 12):
 PSYoungGen      total 54784K, used 3150K [0x00000007bc400000, 0x00000007c0000000, 0x00000007c0000000)
  eden space 48128K, 0% used [0x00000007bc400000,0x00000007bc400000,0x00000007bf300000)
  from space 6656K, 47% used [0x00000007bf300000,0x00000007bf613a80,0x00000007bf980000)
  to   space 6144K, 0% used [0x00000007bfa00000,0x00000007bfa00000,0x00000007c0000000)
 ParOldGen       total 148480K, used 68344K [0x0000000700000000, 0x0000000709100000, 0x00000007bc400000)
  object space 148480K, 46% used [0x0000000700000000,0x00000007042be2b0,0x0000000709100000)
 Metaspace       used 69982K, capacity 70591K, committed 71424K, reserved 1112064K
  class space    used 9519K, capacity 9635K, committed 9728K, reserved 1048576K
}
Event: 691.997 GC heap before
{Heap before GC invocations=178 (full 12):
 PSYoungGen      total 54784K, used 51278K [0x00000007bc400000, 0x00000007c0000000, 0x00000007c0000000)
  eden space 48128K, 100% used [0x00000007bc400000,0x00000007bf300000,0x00000007bf300000)
  from space 6656K, 47% used [0x00000007bf300000,0x00000007bf613a80,0x00000007bf980000)
  to   space 6144K, 0% used [0x00000007bfa00000,0x00000007bfa00000,0x00000007c0000000)
 ParOldGen       total 148480K, used 68344K [0x0000000700000000, 0x0000000709100000, 0x00000007bc400000)
  object space 148480K, 46% used [0x0000000700000000,0x00000007042be2b0,0x0000000709100000)
 Metaspace       used 69996K, capacity 70597K, committed 71424K, reserved 1112064K
  class space    used 9520K, capacity 9636K, committed 9728K, reserved 1048576K
Event: 692.001 GC heap after
Heap after GC invocations=178 (full 12):
 PSYoungGen      total 55296K, used 3107K [0x00000007bc400000, 0x00000007c0000000, 0x00000007c0000000)
  eden space 49152K, 0% used [0x00000007bc400000,0x00000007bc400000,0x00000007bf400000)
  from space 6144K, 50% used [0x00000007bfa00000,0x00000007bfd08f30,0x00000007c0000000)
  to   space 6144K, 0% used [0x00000007bf400000,0x00000007bf400000,0x00000007bfa00000)
 ParOldGen       total 148480K, used 68352K [0x0000000700000000, 0x0000000709100000, 0x00000007bc400000)
  object space 148480K, 46% used [0x0000000700000000,0x00000007042c02b0,0x0000000709100000)
 Metaspace       used 69996K, capacity 70597K, committed 71424K, reserved 1112064K
  class space    used 9520K, capacity 9636K, committed 9728K, reserved 1048576K
}

