# JRE version: Java(TM) SE Runtime Environment (8.0_112-b15) (build 1.8.0_112-b15)
# Java VM: Java HotSpot(TM) 64-Bit Server VM (25.112-b15 mixed mode windows-amd64 compressed oops)
Heap:
 PSYoungGen      total 50688K, used 28663K [0x00000007bc400000, 0x00000007c0000000, 0x00000007c0000000)
  eden space 45568K, 52% used [0x00000007bc400000,0x00000007bdb4a1a0,0x00000007bf080000)
  from space 5120K, 94% used [0x00000007bf100000,0x00000007bf5b3d90,0x00000007bf600000)
  to   space 8192K, 0% used [0x00000007bf800000,0x00000007bf800000,0x00000007c0000000)
 ParOldGen       total 286720K, used 136496K [0x0000000700000000, 0x0000000711800000, 0x00000007bc400000)
  object space 286720K, 47% used [0x0000000700000000,0x000000070854c188,0x0000000711800000)
 Metaspace       used 87890K, capacity 88693K, committed 89600K, reserved 1126400K
  class space    used 12345K, capacity 12490K, committed 12544K, reserved 1048576K
GC Heap History (10 events):
Event: 8612.797 GC heap before
{Heap before GC invocations=517 (full 14):
 PSYoungGen      total 55296K, used 51520K [0x00000007bc400000, 0x00000007c0000000, 0x00000007c0000000)
  eden space 49152K, 100% used [0x00000007bc400000,0x00000007bf400000,0x00000007bf400000)
  from space 6144K, 38% used [0x00000007bfa00000,0x00000007bfc50398,0x00000007c0000000)
  to   space 6144K, 0% used [0x00000007bf400000,0x00000007bf400000,0x00000007bfa00000)
 ParOldGen       total 286720K, used 136424K [0x0000000700000000, 0x0000000711800000, 0x00000007bc400000)
  object space 286720K, 47% used [0x0000000700000000,0x000000070853a188,0x0000000711800000)
 Metaspace       used 87782K, capacity 88611K, committed 89344K, reserved 1126400K
  class space    used 12322K, capacity 12487K, committed 12544K, reserved 1048576K
Event: 8612.802 GC heap after
Heap after GC invocations=517 (full 14):
 PSYoungGen      total 53248K, used 4164K [0x00000007bc400000, 0x00000007c0000000, 0x00000007c0000000)
  eden space 48640K, 0% used [0x00000007bc400000,0x00000007bc400000,0x00000007bf380000)
  from space 4608K, 90% used [0x00000007bf400000,0x00000007bf8112d8,0x00000007bf880000)
  to   space 6656K, 0% used [0x00000007bf980000,0x00000007bf980000,0x00000007c0000000)
 ParOldGen       total 286720K, used 136464K [0x0000000700000000, 0x0000000711800000, 0x00000007bc400000)
  object space 286720K, 47% used [0x0000000700000000,0x0000000708544188,0x0000000711800000)
 Metaspace       used 87782K, capacity 88611K, committed 89344K, reserved 1126400K
  class space    used 12322K, capacity 12487K, committed 12544K, reserved 1048576K
}
Event: 8620.563 GC heap before
{Heap before GC invocations=518 (full 14):
 PSYoungGen      total 53248K, used 52804K [0x00000007bc400000, 0x00000007c0000000, 0x00000007c0000000)
  eden space 48640K, 100% used [0x00000007bc400000,0x00000007bf380000,0x00000007bf380000)
  from space 4608K, 90% used [0x00000007bf400000,0x00000007bf8112d8,0x00000007bf880000)
  to   space 6656K, 0% used [0x00000007bf980000,0x00000007bf980000,0x00000007c0000000)
 ParOldGen       total 286720K, used 136464K [0x0000000700000000, 0x0000000711800000, 0x00000007bc400000)
  object space 286720K, 47% used [0x0000000700000000,0x0000000708544188,0x0000000711800000)
 Metaspace       used 87785K, capacity 88611K, committed 89344K, reserved 1126400K
  class space    used 12322K, capacity 12487K, committed 12544K, reserved 1048576K
Event: 8620.569 GC heap after
Heap after GC invocations=518 (full 14):
 PSYoungGen      total 53760K, used 4702K [0x00000007bc400000, 0x00000007c0000000, 0x00000007c0000000)
  eden space 47104K, 0% used [0x00000007bc400000,0x00000007bc400000,0x00000007bf200000)
  from space 6656K, 70% used [0x00000007bf980000,0x00000007bfe178d0,0x00000007c0000000)
  to   space 7168K, 0% used [0x00000007bf200000,0x00000007bf200000,0x00000007bf900000)
 ParOldGen       total 286720K, used 136464K [0x0000000700000000, 0x0000000711800000, 0x00000007bc400000)
  object space 286720K, 47% used [0x0000000700000000,0x0000000708544188,0x0000000711800000)
 Metaspace       used 87785K, capacity 88611K, committed 89344K, reserved 1126400K
  class space    used 12322K, capacity 12487K, committed 12544K, reserved 1048576K
}
Event: 8622.744 GC heap before
{Heap before GC invocations=519 (full 14):
 PSYoungGen      total 53760K, used 51806K [0x00000007bc400000, 0x00000007c0000000, 0x00000007c0000000)
  eden space 47104K, 100% used [0x00000007bc400000,0x00000007bf200000,0x00000007bf200000)
  from space 6656K, 70% used [0x00000007bf980000,0x00000007bfe178d0,0x00000007c0000000)
  to   space 7168K, 0% used [0x00000007bf200000,0x00000007bf200000,0x00000007bf900000)
 ParOldGen       total 286720K, used 136464K [0x0000000700000000, 0x0000000711800000, 0x00000007bc400000)
  object space 286720K, 47% used [0x0000000700000000,0x0000000708544188,0x0000000711800000)
 Metaspace       used 87882K, capacity 88687K, committed 89600K, reserved 1126400K
  class space    used 12345K, capacity 12489K, committed 12544K, reserved 1048576K
Event: 8622.749 GC heap after
Heap after GC invocations=519 (full 14):
 PSYoungGen      total 51200K, used 4307K [0x00000007bc400000, 0x00000007c0000000, 0x00000007c0000000)
  eden space 46592K, 0% used [0x00000007bc400000,0x00000007bc400000,0x00000007bf180000)
  from space 4608K, 93% used [0x00000007bf200000,0x00000007bf634d58,0x00000007bf680000)
  to   space 7680K, 0% used [0x00000007bf880000,0x00000007bf880000,0x00000007c0000000)
 ParOldGen       total 286720K, used 136472K [0x0000000700000000, 0x0000000711800000, 0x00000007bc400000)
  object space 286720K, 47% used [0x0000000700000000,0x0000000708546188,0x0000000711800000)
 Metaspace       used 87882K, capacity 88687K, committed 89600K, reserved 1126400K
  class space    used 12345K, capacity 12489K, committed 12544K, reserved 1048576K
}
Event: 8629.205 GC heap before
{Heap before GC invocations=520 (full 14):
 PSYoungGen      total 51200K, used 50899K [0x00000007bc400000, 0x00000007c0000000, 0x00000007c0000000)
  eden space 46592K, 100% used [0x00000007bc400000,0x00000007bf180000,0x00000007bf180000)
  from space 4608K, 93% used [0x00000007bf200000,0x00000007bf634d58,0x00000007bf680000)
  to   space 7680K, 0% used [0x00000007bf880000,0x00000007bf880000,0x00000007c0000000)
 ParOldGen       total 286720K, used 136472K [0x0000000700000000, 0x0000000711800000, 0x00000007bc400000)
  object space 286720K, 47% used [0x0000000700000000,0x0000000708546188,0x0000000711800000)
 Metaspace       used 87887K, capacity 88687K, committed 89600K, reserved 1126400K
  class space    used 12345K, capacity 12489K, committed 12544K, reserved 1048576K
Event: 8629.210 GC heap after
Heap after GC invocations=520 (full 14):
 PSYoungGen      total 53760K, used 4584K [0x00000007bc400000, 0x00000007c0000000, 0x00000007c0000000)
  eden space 46080K, 0% used [0x00000007bc400000,0x00000007bc400000,0x00000007bf100000)
  from space 7680K, 59% used [0x00000007bf880000,0x00000007bfcfa2c0,0x00000007c0000000)
  to   space 7680K, 0% used [0x00000007bf100000,0x00000007bf100000,0x00000007bf880000)
 ParOldGen       total 286720K, used 136472K [0x0000000700000000, 0x0000000711800000, 0x00000007bc400000)
  object space 286720K, 47% used [0x0000000700000000,0x0000000708546188,0x0000000711800000)
 Metaspace       used 87887K, capacity 88687K, committed 89600K, reserved 1126400K
  class space    used 12345K, capacity 12489K, committed 12544K, reserved 1048576K
}
Event: 8636.643 GC heap before
{Heap before GC invocations=521 (full 14):
 PSYoungGen      total 53760K, used 50664K [0x00000007bc400000, 0x00000007c0000000, 0x00000007c0000000)
  eden space 46080K, 100% used [0x00000007bc400000,0x00000007bf100000,0x00000007bf100000)
  from space 7680K, 59% used [0x00000007bf880000,0x00000007bfcfa2c0,0x00000007c0000000)
  to   space 7680K, 0% used [0x00000007bf100000,0x00000007bf100000,0x00000007bf880000)
 ParOldGen       total 286720K, used 136472K [0x0000000700000000, 0x0000000711800000, 0x00000007bc400000)
  object space 286720K, 47% used [0x0000000700000000,0x0000000708546188,0x0000000711800000)
 Metaspace       used 87890K, capacity 88693K, committed 89600K, reserved 1126400K
  class space    used 12345K, capacity 12490K, committed 12544K, reserved 1048576K
Event: 8636.648 GC heap after
Heap after GC invocations=521 (full 14):
 PSYoungGen      total 50688K, used 4815K [0x00000007bc400000, 0x00000007c0000000, 0x00000007c0000000)
  eden space 45568K, 0% used [0x00000007bc400000,0x00000007bc400000,0x00000007bf080000)
  from space 5120K, 94% used [0x00000007bf100000,0x00000007bf5b3d90,0x00000007bf600000)
  to   space 8192K, 0% used [0x00000007bf800000,0x00000007bf800000,0x00000007c0000000)
 ParOldGen       total 286720K, used 136496K [0x0000000700000000, 0x0000000711800000, 0x00000007bc400000)
  object space 286720K, 47% used [0x0000000700000000,0x000000070854c188,0x0000000711800000)
 Metaspace       used 87890K, capacity 88693K, committed 89600K, reserved 1126400K
  class space    used 12345K, capacity 12490K, committed 12544K, reserved 1048576K
}

