# JRE version: Java(TM) SE Runtime Environment (8.0_112-b15) (build 1.8.0_112-b15)
# Java VM: Java HotSpot(TM) 64-Bit Server VM (25.112-b15 mixed mode windows-amd64 compressed oops)
Heap:
 PSYoungGen      total 56832K, used 15208K [0x00000007bc400000, 0x00000007c0000000, 0x00000007c0000000)
  eden space 54272K, 23% used [0x00000007bc400000,0x00000007bd060478,0x00000007bf900000)
  from space 2560K, 99% used [0x00000007bfd80000,0x00000007bfff9ec0,0x00000007c0000000)
  to   space 3584K, 0% used [0x00000007bf900000,0x00000007bf900000,0x00000007bfc80000)
 ParOldGen       total 232960K, used 61498K [0x0000000700000000, 0x000000070e380000, 0x00000007bc400000)
  object space 232960K, 26% used [0x0000000700000000,0x0000000703c0e980,0x000000070e380000)
 Metaspace       used 66645K, capacity 67215K, committed 68096K, reserved 1107968K
  class space    used 9751K, capacity 9885K, committed 9984K, reserved 1048576K
GC Heap History (10 events):
Event: 808.014 GC heap before
{Heap before GC invocations=276 (full 6):
 PSYoungGen      total 58880K, used 57984K [0x00000007bc400000, 0x00000007c0000000, 0x00000007c0000000)
  eden space 56320K, 100% used [0x00000007bc400000,0x00000007bfb00000,0x00000007bfb00000)
  from space 2560K, 65% used [0x00000007bfb00000,0x00000007bfca0000,0x00000007bfd80000)
  to   space 2560K, 0% used [0x00000007bfd80000,0x00000007bfd80000,0x00000007c0000000)
 ParOldGen       total 232960K, used 60531K [0x0000000700000000, 0x000000070e380000, 0x00000007bc400000)
  object space 232960K, 25% used [0x0000000700000000,0x0000000703b1cfb0,0x000000070e380000)
 Metaspace       used 66506K, capacity 67043K, committed 67712K, reserved 1107968K
  class space    used 9723K, capacity 9851K, committed 9856K, reserved 1048576K
Event: 808.019 GC heap after
Heap after GC invocations=276 (full 6):
 PSYoungGen      total 58880K, used 1696K [0x00000007bc400000, 0x00000007c0000000, 0x00000007c0000000)
  eden space 56320K, 0% used [0x00000007bc400000,0x00000007bc400000,0x00000007bfb00000)
  from space 2560K, 66% used [0x00000007bfd80000,0x00000007bff28000,0x00000007c0000000)
  to   space 2560K, 0% used [0x00000007bfb00000,0x00000007bfb00000,0x00000007bfd80000)
 ParOldGen       total 232960K, used 60539K [0x0000000700000000, 0x000000070e380000, 0x00000007bc400000)
  object space 232960K, 25% used [0x0000000700000000,0x0000000703b1efb0,0x000000070e380000)
 Metaspace       used 66506K, capacity 67043K, committed 67712K, reserved 1107968K
  class space    used 9723K, capacity 9851K, committed 9856K, reserved 1048576K
}
Event: 903.547 GC heap before
{Heap before GC invocations=277 (full 6):
 PSYoungGen      total 58880K, used 58016K [0x00000007bc400000, 0x00000007c0000000, 0x00000007c0000000)
  eden space 56320K, 100% used [0x00000007bc400000,0x00000007bfb00000,0x00000007bfb00000)
  from space 2560K, 66% used [0x00000007bfd80000,0x00000007bff28000,0x00000007c0000000)
  to   space 2560K, 0% used [0x00000007bfb00000,0x00000007bfb00000,0x00000007bfd80000)
 ParOldGen       total 232960K, used 60539K [0x0000000700000000, 0x000000070e380000, 0x00000007bc400000)
  object space 232960K, 25% used [0x0000000700000000,0x0000000703b1efb0,0x000000070e380000)
 Metaspace       used 66506K, capacity 67043K, committed 67712K, reserved 1107968K
  class space    used 9723K, capacity 9851K, committed 9856K, reserved 1048576K
Event: 903.552 GC heap after
Heap after GC invocations=277 (full 6):
 PSYoungGen      total 58880K, used 1696K [0x00000007bc400000, 0x00000007c0000000, 0x00000007c0000000)
  eden space 56320K, 0% used [0x00000007bc400000,0x00000007bc400000,0x00000007bfb00000)
  from space 2560K, 66% used [0x00000007bfb00000,0x00000007bfca8000,0x00000007bfd80000)
  to   space 2560K, 0% used [0x00000007bfd80000,0x00000007bfd80000,0x00000007c0000000)
 ParOldGen       total 232960K, used 60539K [0x0000000700000000, 0x000000070e380000, 0x00000007bc400000)
  object space 232960K, 25% used [0x0000000700000000,0x0000000703b1efb0,0x000000070e380000)
 Metaspace       used 66506K, capacity 67043K, committed 67712K, reserved 1107968K
  class space    used 9723K, capacity 9851K, committed 9856K, reserved 1048576K
}
Event: 998.921 GC heap before
{Heap before GC invocations=278 (full 6):
 PSYoungGen      total 58880K, used 58016K [0x00000007bc400000, 0x00000007c0000000, 0x00000007c0000000)
  eden space 56320K, 100% used [0x00000007bc400000,0x00000007bfb00000,0x00000007bfb00000)
  from space 2560K, 66% used [0x00000007bfb00000,0x00000007bfca8000,0x00000007bfd80000)
  to   space 2560K, 0% used [0x00000007bfd80000,0x00000007bfd80000,0x00000007c0000000)
 ParOldGen       total 232960K, used 60539K [0x0000000700000000, 0x000000070e380000, 0x00000007bc400000)
  object space 232960K, 25% used [0x0000000700000000,0x0000000703b1efb0,0x000000070e380000)
 Metaspace       used 66506K, capacity 67043K, committed 67712K, reserved 1107968K
  class space    used 9723K, capacity 9851K, committed 9856K, reserved 1048576K
Event: 998.925 GC heap after
Heap after GC invocations=278 (full 6):
 PSYoungGen      total 58880K, used 1696K [0x00000007bc400000, 0x00000007c0000000, 0x00000007c0000000)
  eden space 56320K, 0% used [0x00000007bc400000,0x00000007bc400000,0x00000007bfb00000)
  from space 2560K, 66% used [0x00000007bfd80000,0x00000007bff28000,0x00000007c0000000)
  to   space 2560K, 0% used [0x00000007bfb00000,0x00000007bfb00000,0x00000007bfd80000)
 ParOldGen       total 232960K, used 60539K [0x0000000700000000, 0x000000070e380000, 0x00000007bc400000)
  object space 232960K, 25% used [0x0000000700000000,0x0000000703b1efb0,0x000000070e380000)
 Metaspace       used 66506K, capacity 67043K, committed 67712K, reserved 1107968K
  class space    used 9723K, capacity 9851K, committed 9856K, reserved 1048576K
}
Event: 1089.298 GC heap before
{Heap before GC invocations=279 (full 6):
 PSYoungGen      total 58880K, used 58016K [0x00000007bc400000, 0x00000007c0000000, 0x00000007c0000000)
  eden space 56320K, 100% used [0x00000007bc400000,0x00000007bfb00000,0x00000007bfb00000)
  from space 2560K, 66% used [0x00000007bfd80000,0x00000007bff28000,0x00000007c0000000)
  to   space 2560K, 0% used [0x00000007bfb00000,0x00000007bfb00000,0x00000007bfd80000)
 ParOldGen       total 232960K, used 60539K [0x0000000700000000, 0x000000070e380000, 0x00000007bc400000)
  object space 232960K, 25% used [0x0000000700000000,0x0000000703b1efb0,0x000000070e380000)
 Metaspace       used 66511K, capacity 67049K, committed 67712K, reserved 1107968K
  class space    used 9724K, capacity 9852K, committed 9856K, reserved 1048576K
Event: 1089.301 GC heap after
Heap after GC invocations=279 (full 6):
 PSYoungGen      total 58880K, used 1696K [0x00000007bc400000, 0x00000007c0000000, 0x00000007c0000000)
  eden space 56320K, 0% used [0x00000007bc400000,0x00000007bc400000,0x00000007bfb00000)
  from space 2560K, 66% used [0x00000007bfb00000,0x00000007bfca8000,0x00000007bfd80000)
  to   space 2560K, 0% used [0x00000007bfd80000,0x00000007bfd80000,0x00000007c0000000)
 ParOldGen       total 232960K, used 60539K [0x0000000700000000, 0x000000070e380000, 0x00000007bc400000)
  object space 232960K, 25% used [0x0000000700000000,0x0000000703b1efb0,0x000000070e380000)
 Metaspace       used 66511K, capacity 67049K, committed 67712K, reserved 1107968K
  class space    used 9724K, capacity 9852K, committed 9856K, reserved 1048576K
}
Event: 1099.466 GC heap before
{Heap before GC invocations=280 (full 6):
 PSYoungGen      total 58880K, used 58016K [0x00000007bc400000, 0x00000007c0000000, 0x00000007c0000000)
  eden space 56320K, 100% used [0x00000007bc400000,0x00000007bfb00000,0x00000007bfb00000)
  from space 2560K, 66% used [0x00000007bfb00000,0x00000007bfca8000,0x00000007bfd80000)
  to   space 2560K, 0% used [0x00000007bfd80000,0x00000007bfd80000,0x00000007c0000000)
 ParOldGen       total 232960K, used 60539K [0x0000000700000000, 0x000000070e380000, 0x00000007bc400000)
  object space 232960K, 25% used [0x0000000700000000,0x0000000703b1efb0,0x000000070e380000)
 Metaspace       used 66639K, capacity 67215K, committed 68096K, reserved 1107968K
  class space    used 9751K, capacity 9885K, committed 9984K, reserved 1048576K
Event: 1099.471 GC heap after
Heap after GC invocations=280 (full 6):
 PSYoungGen      total 56832K, used 2535K [0x00000007bc400000, 0x00000007c0000000, 0x00000007c0000000)
  eden space 54272K, 0% used [0x00000007bc400000,0x00000007bc400000,0x00000007bf900000)
  from space 2560K, 99% used [0x00000007bfd80000,0x00000007bfff9ec0,0x00000007c0000000)
  to   space 3584K, 0% used [0x00000007bf900000,0x00000007bf900000,0x00000007bfc80000)
 ParOldGen       total 232960K, used 61498K [0x0000000700000000, 0x000000070e380000, 0x00000007bc400000)
  object space 232960K, 26% used [0x0000000700000000,0x0000000703c0e980,0x000000070e380000)
 Metaspace       used 66639K, capacity 67215K, committed 68096K, reserved 1107968K
  class space    used 9751K, capacity 9885K, committed 9984K, reserved 1048576K
}

