# JRE version: Java(TM) SE Runtime Environment (8.0_112-b15) (build 1.8.0_112-b15)
# Java VM: Java HotSpot(TM) 64-Bit Server VM (25.112-b15 mixed mode windows-amd64 compressed oops)
Heap:
 PSYoungGen      total 54272K, used 46810K [0x00000007bc400000, 0x00000007c0000000, 0x00000007c0000000)
  eden space 47104K, 89% used [0x00000007bc400000,0x00000007bed17980,0x00000007bf200000)
  from space 7168K, 66% used [0x00000007bf900000,0x00000007bfd9ef70,0x00000007c0000000)
  to   space 7168K, 0% used [0x00000007bf200000,0x00000007bf200000,0x00000007bf900000)
 ParOldGen       total 140288K, used 63357K [0x0000000700000000, 0x0000000708900000, 0x00000007bc400000)
  object space 140288K, 45% used [0x0000000700000000,0x0000000703ddf7e8,0x0000000708900000)
 Metaspace       used 75806K, capacity 76483K, committed 77184K, reserved 1116160K
  class space    used 10925K, capacity 11087K, committed 11136K, reserved 1048576K
GC Heap History (10 events):
Event: 3498.210 GC heap before
{Heap before GC invocations=239 (full 13):
 PSYoungGen      total 54784K, used 49760K [0x00000007bc400000, 0x00000007c0000000, 0x00000007c0000000)
  eden space 48128K, 100% used [0x00000007bc400000,0x00000007bf300000,0x00000007bf300000)
  from space 6656K, 24% used [0x00000007bf300000,0x00000007bf498000,0x00000007bf980000)
  to   space 6144K, 0% used [0x00000007bfa00000,0x00000007bfa00000,0x00000007c0000000)
 ParOldGen       total 140288K, used 63357K [0x0000000700000000, 0x0000000708900000, 0x00000007bc400000)
  object space 140288K, 45% used [0x0000000700000000,0x0000000703ddf7e8,0x0000000708900000)
 Metaspace       used 75683K, capacity 76381K, committed 77184K, reserved 1116160K
  class space    used 10910K, capacity 11054K, committed 11136K, reserved 1048576K
Event: 3498.216 GC heap after
Heap after GC invocations=239 (full 13):
 PSYoungGen      total 55296K, used 3155K [0x00000007bc400000, 0x00000007c0000000, 0x00000007c0000000)
  eden space 49152K, 0% used [0x00000007bc400000,0x00000007bc400000,0x00000007bf400000)
  from space 6144K, 51% used [0x00000007bfa00000,0x00000007bfd14ff0,0x00000007c0000000)
  to   space 6144K, 0% used [0x00000007bf400000,0x00000007bf400000,0x00000007bfa00000)
 ParOldGen       total 140288K, used 63357K [0x0000000700000000, 0x0000000708900000, 0x00000007bc400000)
  object space 140288K, 45% used [0x0000000700000000,0x0000000703ddf7e8,0x0000000708900000)
 Metaspace       used 75683K, capacity 76381K, committed 77184K, reserved 1116160K
  class space    used 10910K, capacity 11054K, committed 11136K, reserved 1048576K
}
Event: 3503.295 GC heap before
{Heap before GC invocations=240 (full 13):
 PSYoungGen      total 55296K, used 52307K [0x00000007bc400000, 0x00000007c0000000, 0x00000007c0000000)
  eden space 49152K, 100% used [0x00000007bc400000,0x00000007bf400000,0x00000007bf400000)
  from space 6144K, 51% used [0x00000007bfa00000,0x00000007bfd14ff0,0x00000007c0000000)
  to   space 6144K, 0% used [0x00000007bf400000,0x00000007bf400000,0x00000007bfa00000)
 ParOldGen       total 140288K, used 63357K [0x0000000700000000, 0x0000000708900000, 0x00000007bc400000)
  object space 140288K, 45% used [0x0000000700000000,0x0000000703ddf7e8,0x0000000708900000)
 Metaspace       used 75685K, capacity 76381K, committed 77184K, reserved 1116160K
  class space    used 10910K, capacity 11054K, committed 11136K, reserved 1048576K
Event: 3503.299 GC heap after
Heap after GC invocations=240 (full 13):
 PSYoungGen      total 55296K, used 3567K [0x00000007bc400000, 0x00000007c0000000, 0x00000007c0000000)
  eden space 49152K, 0% used [0x00000007bc400000,0x00000007bc400000,0x00000007bf400000)
  from space 6144K, 58% used [0x00000007bf400000,0x00000007bf77bf60,0x00000007bfa00000)
  to   space 6144K, 0% used [0x00000007bfa00000,0x00000007bfa00000,0x00000007c0000000)
 ParOldGen       total 140288K, used 63357K [0x0000000700000000, 0x0000000708900000, 0x00000007bc400000)
  object space 140288K, 45% used [0x0000000700000000,0x0000000703ddf7e8,0x0000000708900000)
 Metaspace       used 75685K, capacity 76381K, committed 77184K, reserved 1116160K
  class space    used 10910K, capacity 11054K, committed 11136K, reserved 1048576K
}
Event: 3507.243 GC heap before
{Heap before GC invocations=241 (full 13):
 PSYoungGen      total 55296K, used 52719K [0x00000007bc400000, 0x00000007c0000000, 0x00000007c0000000)
  eden space 49152K, 100% used [0x00000007bc400000,0x00000007bf400000,0x00000007bf400000)
  from space 6144K, 58% used [0x00000007bf400000,0x00000007bf77bf60,0x00000007bfa00000)
  to   space 6144K, 0% used [0x00000007bfa00000,0x00000007bfa00000,0x00000007c0000000)
 ParOldGen       total 140288K, used 63357K [0x0000000700000000, 0x0000000708900000, 0x00000007bc400000)
  object space 140288K, 45% used [0x0000000700000000,0x0000000703ddf7e8,0x0000000708900000)
 Metaspace       used 75756K, capacity 76477K, committed 77184K, reserved 1116160K
  class space    used 10921K, capacity 11086K, committed 11136K, reserved 1048576K
Event: 3507.248 GC heap after
Heap after GC invocations=241 (full 13):
 PSYoungGen      total 54272K, used 4219K [0x00000007bc400000, 0x00000007c0000000, 0x00000007c0000000)
  eden space 48128K, 0% used [0x00000007bc400000,0x00000007bc400000,0x00000007bf300000)
  from space 6144K, 68% used [0x00000007bfa00000,0x00000007bfe1ef70,0x00000007c0000000)
  to   space 6656K, 0% used [0x00000007bf300000,0x00000007bf300000,0x00000007bf980000)
 ParOldGen       total 140288K, used 63357K [0x0000000700000000, 0x0000000708900000, 0x00000007bc400000)
  object space 140288K, 45% used [0x0000000700000000,0x0000000703ddf7e8,0x0000000708900000)
 Metaspace       used 75756K, capacity 76477K, committed 77184K, reserved 1116160K
  class space    used 10921K, capacity 11086K, committed 11136K, reserved 1048576K
}
Event: 3510.385 GC heap before
{Heap before GC invocations=242 (full 13):
 PSYoungGen      total 54272K, used 52347K [0x00000007bc400000, 0x00000007c0000000, 0x00000007c0000000)
  eden space 48128K, 100% used [0x00000007bc400000,0x00000007bf300000,0x00000007bf300000)
  from space 6144K, 68% used [0x00000007bfa00000,0x00000007bfe1ef70,0x00000007c0000000)
  to   space 6656K, 0% used [0x00000007bf300000,0x00000007bf300000,0x00000007bf980000)
 ParOldGen       total 140288K, used 63357K [0x0000000700000000, 0x0000000708900000, 0x00000007bc400000)
  object space 140288K, 45% used [0x0000000700000000,0x0000000703ddf7e8,0x0000000708900000)
 Metaspace       used 75778K, capacity 76477K, committed 77184K, reserved 1116160K
  class space    used 10923K, capacity 11086K, committed 11136K, reserved 1048576K
Event: 3510.391 GC heap after
Heap after GC invocations=242 (full 13):
 PSYoungGen      total 53248K, used 4891K [0x00000007bc400000, 0x00000007c0000000, 0x00000007c0000000)
  eden space 48128K, 0% used [0x00000007bc400000,0x00000007bc400000,0x00000007bf300000)
  from space 5120K, 95% used [0x00000007bf300000,0x00000007bf7c6f70,0x00000007bf800000)
  to   space 7168K, 0% used [0x00000007bf900000,0x00000007bf900000,0x00000007c0000000)
 ParOldGen       total 140288K, used 63357K [0x0000000700000000, 0x0000000708900000, 0x00000007bc400000)
  object space 140288K, 45% used [0x0000000700000000,0x0000000703ddf7e8,0x0000000708900000)
 Metaspace       used 75778K, capacity 76477K, committed 77184K, reserved 1116160K
  class space    used 10923K, capacity 11086K, committed 11136K, reserved 1048576K
}
Event: 3515.490 GC heap before
{Heap before GC invocations=243 (full 13):
 PSYoungGen      total 53248K, used 53019K [0x00000007bc400000, 0x00000007c0000000, 0x00000007c0000000)
  eden space 48128K, 100% used [0x00000007bc400000,0x00000007bf300000,0x00000007bf300000)
  from space 5120K, 95% used [0x00000007bf300000,0x00000007bf7c6f70,0x00000007bf800000)
  to   space 7168K, 0% used [0x00000007bf900000,0x00000007bf900000,0x00000007c0000000)
 ParOldGen       total 140288K, used 63357K [0x0000000700000000, 0x0000000708900000, 0x00000007bc400000)
  object space 140288K, 45% used [0x0000000700000000,0x0000000703ddf7e8,0x0000000708900000)
 Metaspace       used 75797K, capacity 76477K, committed 77184K, reserved 1116160K
  class space    used 10924K, capacity 11086K, committed 11136K, reserved 1048576K
Event: 3515.496 GC heap after
Heap after GC invocations=243 (full 13):
 PSYoungGen      total 54272K, used 4731K [0x00000007bc400000, 0x00000007c0000000, 0x00000007c0000000)
  eden space 47104K, 0% used [0x00000007bc400000,0x00000007bc400000,0x00000007bf200000)
  from space 7168K, 66% used [0x00000007bf900000,0x00000007bfd9ef70,0x00000007c0000000)
  to   space 7168K, 0% used [0x00000007bf200000,0x00000007bf200000,0x00000007bf900000)
 ParOldGen       total 140288K, used 63357K [0x0000000700000000, 0x0000000708900000, 0x00000007bc400000)
  object space 140288K, 45% used [0x0000000700000000,0x0000000703ddf7e8,0x0000000708900000)
 Metaspace       used 75797K, capacity 76477K, committed 77184K, reserved 1116160K
  class space    used 10924K, capacity 11086K, committed 11136K, reserved 1048576K
}

