# JRE version: Java(TM) SE Runtime Environment (8.0_112-b15) (build 1.8.0_112-b15)
# Java VM: Java HotSpot(TM) 64-Bit Server VM (25.112-b15 mixed mode windows-amd64 compressed oops)
Heap:
 PSYoungGen      total 56320K, used 6722K [0x00000007bc400000, 0x00000007c0000000, 0x00000007c0000000)
  eden space 50688K, 7% used [0x00000007bc400000,0x00000007bc7eecb8,0x00000007bf580000)
  from space 5632K, 47% used [0x00000007bfa80000,0x00000007bfd21c20,0x00000007c0000000)
  to   space 5120K, 0% used [0x00000007bf580000,0x00000007bf580000,0x00000007bfa80000)
 ParOldGen       total 301568K, used 147207K [0x0000000700000000, 0x0000000712680000, 0x00000007bc400000)
  object space 301568K, 48% used [0x0000000700000000,0x0000000708fc1d00,0x0000000712680000)
 Metaspace       used 79692K, capacity 80431K, committed 81024K, reserved 1118208K
  class space    used 11196K, capacity 11349K, committed 11392K, reserved 1048576K
GC Heap History (10 events):
Event: 133220.260 GC heap before
{Heap before GC invocations=1060 (full 54):
 PSYoungGen      total 54272K, used 49540K [0x00000007bc400000, 0x00000007c0000000, 0x00000007c0000000)
  eden space 47616K, 100% used [0x00000007bc400000,0x00000007bf280000,0x00000007bf280000)
  from space 6656K, 28% used [0x00000007bf280000,0x00000007bf4612e0,0x00000007bf900000)
  to   space 6144K, 0% used [0x00000007bfa00000,0x00000007bfa00000,0x00000007c0000000)
 ParOldGen       total 301568K, used 146682K [0x0000000700000000, 0x0000000712680000, 0x00000007bc400000)
  object space 301568K, 48% used [0x0000000700000000,0x0000000708f3ea20,0x0000000712680000)
 Metaspace       used 79689K, capacity 80425K, committed 81024K, reserved 1118208K
  class space    used 11196K, capacity 11348K, committed 11392K, reserved 1048576K
Event: 133220.265 GC heap after
Heap after GC invocations=1060 (full 54):
 PSYoungGen      total 55296K, used 1778K [0x00000007bc400000, 0x00000007c0000000, 0x00000007c0000000)
  eden space 49152K, 0% used [0x00000007bc400000,0x00000007bc400000,0x00000007bf400000)
  from space 6144K, 28% used [0x00000007bfa00000,0x00000007bfbbc968,0x00000007c0000000)
  to   space 6144K, 0% used [0x00000007bf400000,0x00000007bf400000,0x00000007bfa00000)
 ParOldGen       total 301568K, used 146820K [0x0000000700000000, 0x0000000712680000, 0x00000007bc400000)
  object space 301568K, 48% used [0x0000000700000000,0x0000000708f61398,0x0000000712680000)
 Metaspace       used 79689K, capacity 80425K, committed 81024K, reserved 1118208K
  class space    used 11196K, capacity 11348K, committed 11392K, reserved 1048576K
}
Event: 133231.334 GC heap before
{Heap before GC invocations=1061 (full 54):
 PSYoungGen      total 55296K, used 50930K [0x00000007bc400000, 0x00000007c0000000, 0x00000007c0000000)
  eden space 49152K, 100% used [0x00000007bc400000,0x00000007bf400000,0x00000007bf400000)
  from space 6144K, 28% used [0x00000007bfa00000,0x00000007bfbbc968,0x00000007c0000000)
  to   space 6144K, 0% used [0x00000007bf400000,0x00000007bf400000,0x00000007bfa00000)
 ParOldGen       total 301568K, used 146820K [0x0000000700000000, 0x0000000712680000, 0x00000007bc400000)
  object space 301568K, 48% used [0x0000000700000000,0x0000000708f61398,0x0000000712680000)
 Metaspace       used 79689K, capacity 80425K, committed 81024K, reserved 1118208K
  class space    used 11196K, capacity 11348K, committed 11392K, reserved 1048576K
Event: 133231.338 GC heap after
Heap after GC invocations=1061 (full 54):
 PSYoungGen      total 55296K, used 1792K [0x00000007bc400000, 0x00000007c0000000, 0x00000007c0000000)
  eden space 49152K, 0% used [0x00000007bc400000,0x00000007bc400000,0x00000007bf400000)
  from space 6144K, 29% used [0x00000007bf400000,0x00000007bf5c0010,0x00000007bfa00000)
  to   space 5632K, 0% used [0x00000007bfa80000,0x00000007bfa80000,0x00000007c0000000)
 ParOldGen       total 301568K, used 146951K [0x0000000700000000, 0x0000000712680000, 0x00000007bc400000)
  object space 301568K, 48% used [0x0000000700000000,0x0000000708f81cf0,0x0000000712680000)
 Metaspace       used 79689K, capacity 80425K, committed 81024K, reserved 1118208K
  class space    used 11196K, capacity 11348K, committed 11392K, reserved 1048576K
}
Event: 133242.376 GC heap before
{Heap before GC invocations=1062 (full 54):
 PSYoungGen      total 55296K, used 50944K [0x00000007bc400000, 0x00000007c0000000, 0x00000007c0000000)
  eden space 49152K, 100% used [0x00000007bc400000,0x00000007bf400000,0x00000007bf400000)
  from space 6144K, 29% used [0x00000007bf400000,0x00000007bf5c0010,0x00000007bfa00000)
  to   space 5632K, 0% used [0x00000007bfa80000,0x00000007bfa80000,0x00000007c0000000)
 ParOldGen       total 301568K, used 146951K [0x0000000700000000, 0x0000000712680000, 0x00000007bc400000)
  object space 301568K, 48% used [0x0000000700000000,0x0000000708f81cf0,0x0000000712680000)
 Metaspace       used 79689K, capacity 80425K, committed 81024K, reserved 1118208K
  class space    used 11196K, capacity 11348K, committed 11392K, reserved 1048576K
Event: 133242.382 GC heap after
Heap after GC invocations=1062 (full 54):
 PSYoungGen      total 55808K, used 1792K [0x00000007bc400000, 0x00000007c0000000, 0x00000007c0000000)
  eden space 50176K, 0% used [0x00000007bc400000,0x00000007bc400000,0x00000007bf500000)
  from space 5632K, 31% used [0x00000007bfa80000,0x00000007bfc40010,0x00000007c0000000)
  to   space 5632K, 0% used [0x00000007bf500000,0x00000007bf500000,0x00000007bfa80000)
 ParOldGen       total 301568K, used 147007K [0x0000000700000000, 0x0000000712680000, 0x00000007bc400000)
  object space 301568K, 48% used [0x0000000700000000,0x0000000708f8fcf0,0x0000000712680000)
 Metaspace       used 79689K, capacity 80425K, committed 81024K, reserved 1118208K
  class space    used 11196K, capacity 11348K, committed 11392K, reserved 1048576K
}
Event: 133252.444 GC heap before
{Heap before GC invocations=1063 (full 54):
 PSYoungGen      total 55808K, used 51968K [0x00000007bc400000, 0x00000007c0000000, 0x00000007c0000000)
  eden space 50176K, 100% used [0x00000007bc400000,0x00000007bf500000,0x00000007bf500000)
  from space 5632K, 31% used [0x00000007bfa80000,0x00000007bfc40010,0x00000007c0000000)
  to   space 5632K, 0% used [0x00000007bf500000,0x00000007bf500000,0x00000007bfa80000)
 ParOldGen       total 301568K, used 147007K [0x0000000700000000, 0x0000000712680000, 0x00000007bc400000)
  object space 301568K, 48% used [0x0000000700000000,0x0000000708f8fcf0,0x0000000712680000)
 Metaspace       used 79692K, capacity 80431K, committed 81024K, reserved 1118208K
  class space    used 11196K, capacity 11349K, committed 11392K, reserved 1048576K
Event: 133252.450 GC heap after
Heap after GC invocations=1063 (full 54):
 PSYoungGen      total 55808K, used 1760K [0x00000007bc400000, 0x00000007c0000000, 0x00000007c0000000)
  eden space 50176K, 0% used [0x00000007bc400000,0x00000007bc400000,0x00000007bf500000)
  from space 5632K, 31% used [0x00000007bf500000,0x00000007bf6b8010,0x00000007bfa80000)
  to   space 5632K, 0% used [0x00000007bfa80000,0x00000007bfa80000,0x00000007c0000000)
 ParOldGen       total 301568K, used 147087K [0x0000000700000000, 0x0000000712680000, 0x00000007bc400000)
  object space 301568K, 48% used [0x0000000700000000,0x0000000708fa3cf0,0x0000000712680000)
 Metaspace       used 79692K, capacity 80431K, committed 81024K, reserved 1118208K
  class space    used 11196K, capacity 11349K, committed 11392K, reserved 1048576K
}
Event: 133260.134 GC heap before
{Heap before GC invocations=1064 (full 54):
 PSYoungGen      total 55808K, used 51936K [0x00000007bc400000, 0x00000007c0000000, 0x00000007c0000000)
  eden space 50176K, 100% used [0x00000007bc400000,0x00000007bf500000,0x00000007bf500000)
  from space 5632K, 31% used [0x00000007bf500000,0x00000007bf6b8010,0x00000007bfa80000)
  to   space 5632K, 0% used [0x00000007bfa80000,0x00000007bfa80000,0x00000007c0000000)
 ParOldGen       total 301568K, used 147087K [0x0000000700000000, 0x0000000712680000, 0x00000007bc400000)
  object space 301568K, 48% used [0x0000000700000000,0x0000000708fa3cf0,0x0000000712680000)
 Metaspace       used 79692K, capacity 80431K, committed 81024K, reserved 1118208K
  class space    used 11196K, capacity 11349K, committed 11392K, reserved 1048576K
Event: 133260.139 GC heap after
Heap after GC invocations=1064 (full 54):
 PSYoungGen      total 56320K, used 2695K [0x00000007bc400000, 0x00000007c0000000, 0x00000007c0000000)
  eden space 50688K, 0% used [0x00000007bc400000,0x00000007bc400000,0x00000007bf580000)
  from space 5632K, 47% used [0x00000007bfa80000,0x00000007bfd21c20,0x00000007c0000000)
  to   space 5120K, 0% used [0x00000007bf580000,0x00000007bf580000,0x00000007bfa80000)
 ParOldGen       total 301568K, used 147207K [0x0000000700000000, 0x0000000712680000, 0x00000007bc400000)
  object space 301568K, 48% used [0x0000000700000000,0x0000000708fc1d00,0x0000000712680000)
 Metaspace       used 79692K, capacity 80431K, committed 81024K, reserved 1118208K
  class space    used 11196K, capacity 11349K, committed 11392K, reserved 1048576K
}

