# JRE version: Java(TM) SE Runtime Environment (8.0_112-b15) (build 1.8.0_112-b15)
# Java VM: Java HotSpot(TM) 64-Bit Server VM (25.112-b15 mixed mode windows-amd64 compressed oops)
Heap:
 PSYoungGen      total 51200K, used 18948K [0x00000007bc400000, 0x00000007c0000000, 0x00000007c0000000)
  eden space 40448K, 43% used [0x00000007bc400000,0x00000007bd519308,0x00000007beb80000)
  from space 10752K, 13% used [0x00000007bf580000,0x00000007bf6e8000,0x00000007c0000000)
  to   space 10240K, 0% used [0x00000007beb80000,0x00000007beb80000,0x00000007bf580000)
 ParOldGen       total 288768K, used 97947K [0x0000000700000000, 0x0000000711a00000, 0x00000007bc400000)
  object space 288768K, 33% used [0x0000000700000000,0x0000000705fa6e68,0x0000000711a00000)
 Metaspace       used 82110K, capacity 82929K, committed 83712K, reserved 1122304K
  class space    used 11576K, capacity 11746K, committed 11776K, reserved 1048576K
GC Heap History (10 events):
Event: 6929.841 GC heap before
{Heap before GC invocations=1625 (full 18):
 PSYoungGen      total 48128K, used 35584K [0x00000007bc400000, 0x00000007c0000000, 0x00000007c0000000)
  eden space 33792K, 100% used [0x00000007bc400000,0x00000007be500000,0x00000007be500000)
  from space 14336K, 12% used [0x00000007bf200000,0x00000007bf3c0000,0x00000007c0000000)
  to   space 13312K, 0% used [0x00000007be500000,0x00000007be500000,0x00000007bf200000)
 ParOldGen       total 288768K, used 128905K [0x0000000700000000, 0x0000000711a00000, 0x00000007bc400000)
  object space 288768K, 44% used [0x0000000700000000,0x0000000707de2440,0x0000000711a00000)
 Metaspace       used 82039K, capacity 82897K, committed 83712K, reserved 1122304K
  class space    used 11565K, capacity 11714K, committed 11776K, reserved 1048576K
Event: 6929.846 GC heap after
Heap after GC invocations=1625 (full 18):
 PSYoungGen      total 47104K, used 2735K [0x00000007bc400000, 0x00000007c0000000, 0x00000007c0000000)
  eden space 33792K, 0% used [0x00000007bc400000,0x00000007bc400000,0x00000007be500000)
  from space 13312K, 20% used [0x00000007be500000,0x00000007be7abf60,0x00000007bf200000)
  to   space 12288K, 0% used [0x00000007bf400000,0x00000007bf400000,0x00000007c0000000)
 ParOldGen       total 288768K, used 128905K [0x0000000700000000, 0x0000000711a00000, 0x00000007bc400000)
  object space 288768K, 44% used [0x0000000700000000,0x0000000707de2440,0x0000000711a00000)
 Metaspace       used 82039K, capacity 82897K, committed 83712K, reserved 1122304K
  class space    used 11565K, capacity 11714K, committed 11776K, reserved 1048576K
}
Event: 6930.194 GC heap before
{Heap before GC invocations=1626 (full 18):
 PSYoungGen      total 47104K, used 3637K [0x00000007bc400000, 0x00000007c0000000, 0x00000007c0000000)
  eden space 33792K, 2% used [0x00000007bc400000,0x00000007bc4e1530,0x00000007be500000)
  from space 13312K, 20% used [0x00000007be500000,0x00000007be7abf60,0x00000007bf200000)
  to   space 12288K, 0% used [0x00000007bf400000,0x00000007bf400000,0x00000007c0000000)
 ParOldGen       total 288768K, used 128905K [0x0000000700000000, 0x0000000711a00000, 0x00000007bc400000)
  object space 288768K, 44% used [0x0000000700000000,0x0000000707de2440,0x0000000711a00000)
 Metaspace       used 82040K, capacity 82897K, committed 83712K, reserved 1122304K
  class space    used 11565K, capacity 11714K, committed 11776K, reserved 1048576K
Event: 6930.198 GC heap after
Heap after GC invocations=1626 (full 18):
 PSYoungGen      total 50176K, used 2203K [0x00000007bc400000, 0x00000007c0000000, 0x00000007c0000000)
  eden space 37888K, 0% used [0x00000007bc400000,0x00000007bc400000,0x00000007be900000)
  from space 12288K, 17% used [0x00000007bf400000,0x00000007bf626f70,0x00000007c0000000)
  to   space 11264K, 0% used [0x00000007be900000,0x00000007be900000,0x00000007bf400000)
 ParOldGen       total 288768K, used 128905K [0x0000000700000000, 0x0000000711a00000, 0x00000007bc400000)
  object space 288768K, 44% used [0x0000000700000000,0x0000000707de2440,0x0000000711a00000)
 Metaspace       used 82040K, capacity 82897K, committed 83712K, reserved 1122304K
  class space    used 11565K, capacity 11714K, committed 11776K, reserved 1048576K
}
Event: 6930.198 GC heap before
{Heap before GC invocations=1627 (full 19):
 PSYoungGen      total 50176K, used 2203K [0x00000007bc400000, 0x00000007c0000000, 0x00000007c0000000)
  eden space 37888K, 0% used [0x00000007bc400000,0x00000007bc400000,0x00000007be900000)
  from space 12288K, 17% used [0x00000007bf400000,0x00000007bf626f70,0x00000007c0000000)
  to   space 11264K, 0% used [0x00000007be900000,0x00000007be900000,0x00000007bf400000)
 ParOldGen       total 288768K, used 128905K [0x0000000700000000, 0x0000000711a00000, 0x00000007bc400000)
  object space 288768K, 44% used [0x0000000700000000,0x0000000707de2440,0x0000000711a00000)
 Metaspace       used 82040K, capacity 82897K, committed 83712K, reserved 1122304K
  class space    used 11565K, capacity 11714K, committed 11776K, reserved 1048576K
Event: 6930.309 GC heap after
Heap after GC invocations=1627 (full 19):
 PSYoungGen      total 50176K, used 0K [0x00000007bc400000, 0x00000007c0000000, 0x00000007c0000000)
  eden space 37888K, 0% used [0x00000007bc400000,0x00000007bc400000,0x00000007be900000)
  from space 12288K, 0% used [0x00000007bf400000,0x00000007bf400000,0x00000007c0000000)
  to   space 11264K, 0% used [0x00000007be900000,0x00000007be900000,0x00000007bf400000)
 ParOldGen       total 288768K, used 97947K [0x0000000700000000, 0x0000000711a00000, 0x00000007bc400000)
  object space 288768K, 33% used [0x0000000700000000,0x0000000705fa6e68,0x0000000711a00000)
 Metaspace       used 82040K, capacity 82897K, committed 83712K, reserved 1122304K
  class space    used 11565K, capacity 11714K, committed 11776K, reserved 1048576K
}
Event: 6959.861 GC heap before
{Heap before GC invocations=1628 (full 19):
 PSYoungGen      total 50176K, used 37888K [0x00000007bc400000, 0x00000007c0000000, 0x00000007c0000000)
  eden space 37888K, 100% used [0x00000007bc400000,0x00000007be900000,0x00000007be900000)
  from space 12288K, 0% used [0x00000007bf400000,0x00000007bf400000,0x00000007c0000000)
  to   space 11264K, 0% used [0x00000007be900000,0x00000007be900000,0x00000007bf400000)
 ParOldGen       total 288768K, used 97947K [0x0000000700000000, 0x0000000711a00000, 0x00000007bc400000)
  object space 288768K, 33% used [0x0000000700000000,0x0000000705fa6e68,0x0000000711a00000)
 Metaspace       used 82040K, capacity 82897K, committed 83712K, reserved 1122304K
  class space    used 11565K, capacity 11714K, committed 11776K, reserved 1048576K
Event: 6959.865 GC heap after
Heap after GC invocations=1628 (full 19):
 PSYoungGen      total 49152K, used 1376K [0x00000007bc400000, 0x00000007c0000000, 0x00000007c0000000)
  eden space 37888K, 0% used [0x00000007bc400000,0x00000007bc400000,0x00000007be900000)
  from space 11264K, 12% used [0x00000007be900000,0x00000007bea58000,0x00000007bf400000)
  to   space 10752K, 0% used [0x00000007bf580000,0x00000007bf580000,0x00000007c0000000)
 ParOldGen       total 288768K, used 97947K [0x0000000700000000, 0x0000000711a00000, 0x00000007bc400000)
  object space 288768K, 33% used [0x0000000700000000,0x0000000705fa6e68,0x0000000711a00000)
 Metaspace       used 82040K, capacity 82897K, committed 83712K, reserved 1122304K
  class space    used 11565K, capacity 11714K, committed 11776K, reserved 1048576K
}
Event: 6982.416 GC heap before
{Heap before GC invocations=1629 (full 19):
 PSYoungGen      total 49152K, used 39264K [0x00000007bc400000, 0x00000007c0000000, 0x00000007c0000000)
  eden space 37888K, 100% used [0x00000007bc400000,0x00000007be900000,0x00000007be900000)
  from space 11264K, 12% used [0x00000007be900000,0x00000007bea58000,0x00000007bf400000)
  to   space 10752K, 0% used [0x00000007bf580000,0x00000007bf580000,0x00000007c0000000)
 ParOldGen       total 288768K, used 97947K [0x0000000700000000, 0x0000000711a00000, 0x00000007bc400000)
  object space 288768K, 33% used [0x0000000700000000,0x0000000705fa6e68,0x0000000711a00000)
 Metaspace       used 82040K, capacity 82897K, committed 83712K, reserved 1122304K
  class space    used 11565K, capacity 11714K, committed 11776K, reserved 1048576K
Event: 6982.421 GC heap after
Heap after GC invocations=1629 (full 19):
 PSYoungGen      total 51200K, used 1440K [0x00000007bc400000, 0x00000007c0000000, 0x00000007c0000000)
  eden space 40448K, 0% used [0x00000007bc400000,0x00000007bc400000,0x00000007beb80000)
  from space 10752K, 13% used [0x00000007bf580000,0x00000007bf6e8000,0x00000007c0000000)
  to   space 10240K, 0% used [0x00000007beb80000,0x00000007beb80000,0x00000007bf580000)
 ParOldGen       total 288768K, used 97947K [0x0000000700000000, 0x0000000711a00000, 0x00000007bc400000)
  object space 288768K, 33% used [0x0000000700000000,0x0000000705fa6e68,0x0000000711a00000)
 Metaspace       used 82040K, capacity 82897K, committed 83712K, reserved 1122304K
  class space    used 11565K, capacity 11714K, committed 11776K, reserved 1048576K
}

