# JRE version: Java(TM) SE Runtime Environment (8.0_112-b15) (build 1.8.0_112-b15)
# Java VM: Java HotSpot(TM) 64-Bit Server VM (25.112-b15 mixed mode windows-amd64 compressed oops)
Heap:
 PSYoungGen      total 55296K, used 37043K [0x00000007bc400000, 0x00000007c0000000, 0x00000007c0000000)
  eden space 48640K, 72% used [0x00000007bc400000,0x00000007be654f80,0x00000007bf380000)
  from space 6656K, 28% used [0x00000007bf980000,0x00000007bfb58000,0x00000007c0000000)
  to   space 6144K, 0% used [0x00000007bf380000,0x00000007bf380000,0x00000007bf980000)
 ParOldGen       total 150016K, used 49365K [0x0000000700000000, 0x0000000709280000, 0x00000007bc400000)
  object space 150016K, 32% used [0x0000000700000000,0x00000007030357e0,0x0000000709280000)
 Metaspace       used 66172K, capacity 66699K, committed 67456K, reserved 1107968K
  class space    used 9224K, capacity 9333K, committed 9344K, reserved 1048576K
GC Heap History (10 events):
Event: 286.896 GC heap before
{Heap before GC invocations=86 (full 9):
 PSYoungGen      total 53760K, used 47584K [0x00000007bc400000, 0x00000007c0000000, 0x00000007c0000000)
  eden space 46080K, 100% used [0x00000007bc400000,0x00000007bf100000,0x00000007bf100000)
  from space 7680K, 19% used [0x00000007bf880000,0x00000007bf9f8000,0x00000007c0000000)
  to   space 7680K, 0% used [0x00000007bf100000,0x00000007bf100000,0x00000007bf880000)
 ParOldGen       total 150016K, used 50569K [0x0000000700000000, 0x0000000709280000, 0x00000007bc400000)
  object space 150016K, 33% used [0x0000000700000000,0x0000000703162648,0x0000000709280000)
 Metaspace       used 65959K, capacity 66475K, committed 67200K, reserved 1107968K
  class space    used 9195K, capacity 9301K, committed 9344K, reserved 1048576K
Event: 286.900 GC heap after
Heap after GC invocations=86 (full 9):
 PSYoungGen      total 53760K, used 2505K [0x00000007bc400000, 0x00000007c0000000, 0x00000007c0000000)
  eden space 46080K, 0% used [0x00000007bc400000,0x00000007bc400000,0x00000007bf100000)
  from space 7680K, 32% used [0x00000007bf100000,0x00000007bf3724a8,0x00000007bf880000)
  to   space 7168K, 0% used [0x00000007bf900000,0x00000007bf900000,0x00000007c0000000)
 ParOldGen       total 150016K, used 50577K [0x0000000700000000, 0x0000000709280000, 0x00000007bc400000)
  object space 150016K, 33% used [0x0000000700000000,0x0000000703164648,0x0000000709280000)
 Metaspace       used 65959K, capacity 66475K, committed 67200K, reserved 1107968K
  class space    used 9195K, capacity 9301K, committed 9344K, reserved 1048576K
}
Event: 290.061 GC heap before
{Heap before GC invocations=87 (full 9):
 PSYoungGen      total 53760K, used 45356K [0x00000007bc400000, 0x00000007c0000000, 0x00000007c0000000)
  eden space 46080K, 92% used [0x00000007bc400000,0x00000007bedd8b58,0x00000007bf100000)
  from space 7680K, 32% used [0x00000007bf100000,0x00000007bf3724a8,0x00000007bf880000)
  to   space 7168K, 0% used [0x00000007bf900000,0x00000007bf900000,0x00000007c0000000)
 ParOldGen       total 150016K, used 50577K [0x0000000700000000, 0x0000000709280000, 0x00000007bc400000)
  object space 150016K, 33% used [0x0000000700000000,0x0000000703164648,0x0000000709280000)
 Metaspace       used 66016K, capacity 66539K, committed 67200K, reserved 1107968K
  class space    used 9195K, capacity 9301K, committed 9344K, reserved 1048576K
Event: 290.065 GC heap after
Heap after GC invocations=87 (full 9):
 PSYoungGen      total 54784K, used 3316K [0x00000007bc400000, 0x00000007c0000000, 0x00000007c0000000)
  eden space 47616K, 0% used [0x00000007bc400000,0x00000007bc400000,0x00000007bf280000)
  from space 7168K, 46% used [0x00000007bf900000,0x00000007bfc3d238,0x00000007c0000000)
  to   space 6656K, 0% used [0x00000007bf280000,0x00000007bf280000,0x00000007bf900000)
 ParOldGen       total 150016K, used 50577K [0x0000000700000000, 0x0000000709280000, 0x00000007bc400000)
  object space 150016K, 33% used [0x0000000700000000,0x0000000703164648,0x0000000709280000)
 Metaspace       used 66016K, capacity 66539K, committed 67200K, reserved 1107968K
  class space    used 9195K, capacity 9301K, committed 9344K, reserved 1048576K
}
Event: 290.065 GC heap before
{Heap before GC invocations=88 (full 10):
 PSYoungGen      total 54784K, used 3316K [0x00000007bc400000, 0x00000007c0000000, 0x00000007c0000000)
  eden space 47616K, 0% used [0x00000007bc400000,0x00000007bc400000,0x00000007bf280000)
  from space 7168K, 46% used [0x00000007bf900000,0x00000007bfc3d238,0x00000007c0000000)
  to   space 6656K, 0% used [0x00000007bf280000,0x00000007bf280000,0x00000007bf900000)
 ParOldGen       total 150016K, used 50577K [0x0000000700000000, 0x0000000709280000, 0x00000007bc400000)
  object space 150016K, 33% used [0x0000000700000000,0x0000000703164648,0x0000000709280000)
 Metaspace       used 66016K, capacity 66539K, committed 67200K, reserved 1107968K
  class space    used 9195K, capacity 9301K, committed 9344K, reserved 1048576K
Event: 290.221 GC heap after
Heap after GC invocations=88 (full 10):
 PSYoungGen      total 54784K, used 0K [0x00000007bc400000, 0x00000007c0000000, 0x00000007c0000000)
  eden space 47616K, 0% used [0x00000007bc400000,0x00000007bc400000,0x00000007bf280000)
  from space 7168K, 0% used [0x00000007bf900000,0x00000007bf900000,0x00000007c0000000)
  to   space 6656K, 0% used [0x00000007bf280000,0x00000007bf280000,0x00000007bf900000)
 ParOldGen       total 150016K, used 49365K [0x0000000700000000, 0x0000000709280000, 0x00000007bc400000)
  object space 150016K, 32% used [0x0000000700000000,0x00000007030357e0,0x0000000709280000)
 Metaspace       used 66016K, capacity 66539K, committed 67200K, reserved 1107968K
  class space    used 9195K, capacity 9301K, committed 9344K, reserved 1048576K
}
Event: 306.474 GC heap before
{Heap before GC invocations=89 (full 10):
 PSYoungGen      total 54784K, used 47616K [0x00000007bc400000, 0x00000007c0000000, 0x00000007c0000000)
  eden space 47616K, 100% used [0x00000007bc400000,0x00000007bf280000,0x00000007bf280000)
  from space 7168K, 0% used [0x00000007bf900000,0x00000007bf900000,0x00000007c0000000)
  to   space 6656K, 0% used [0x00000007bf280000,0x00000007bf280000,0x00000007bf900000)
 ParOldGen       total 150016K, used 49365K [0x0000000700000000, 0x0000000709280000, 0x00000007bc400000)
  object space 150016K, 32% used [0x0000000700000000,0x00000007030357e0,0x0000000709280000)
 Metaspace       used 66044K, capacity 66539K, committed 67200K, reserved 1107968K
  class space    used 9195K, capacity 9301K, committed 9344K, reserved 1048576K
Event: 306.479 GC heap after
Heap after GC invocations=89 (full 10):
 PSYoungGen      total 54272K, used 1600K [0x00000007bc400000, 0x00000007c0000000, 0x00000007c0000000)
  eden space 47616K, 0% used [0x00000007bc400000,0x00000007bc400000,0x00000007bf280000)
  from space 6656K, 24% used [0x00000007bf280000,0x00000007bf410000,0x00000007bf900000)
  to   space 6656K, 0% used [0x00000007bf980000,0x00000007bf980000,0x00000007c0000000)
 ParOldGen       total 150016K, used 49365K [0x0000000700000000, 0x0000000709280000, 0x00000007bc400000)
  object space 150016K, 32% used [0x0000000700000000,0x00000007030357e0,0x0000000709280000)
 Metaspace       used 66044K, capacity 66539K, committed 67200K, reserved 1107968K
  class space    used 9195K, capacity 9301K, committed 9344K, reserved 1048576K
}
Event: 313.645 GC heap before
{Heap before GC invocations=90 (full 10):
 PSYoungGen      total 54272K, used 49216K [0x00000007bc400000, 0x00000007c0000000, 0x00000007c0000000)
  eden space 47616K, 100% used [0x00000007bc400000,0x00000007bf280000,0x00000007bf280000)
  from space 6656K, 24% used [0x00000007bf280000,0x00000007bf410000,0x00000007bf900000)
  to   space 6656K, 0% used [0x00000007bf980000,0x00000007bf980000,0x00000007c0000000)
 ParOldGen       total 150016K, used 49365K [0x0000000700000000, 0x0000000709280000, 0x00000007bc400000)
  object space 150016K, 32% used [0x0000000700000000,0x00000007030357e0,0x0000000709280000)
 Metaspace       used 66095K, capacity 66635K, committed 67200K, reserved 1107968K
  class space    used 9214K, capacity 9333K, committed 9344K, reserved 1048576K
Event: 313.650 GC heap after
Heap after GC invocations=90 (full 10):
 PSYoungGen      total 55296K, used 1888K [0x00000007bc400000, 0x00000007c0000000, 0x00000007c0000000)
  eden space 48640K, 0% used [0x00000007bc400000,0x00000007bc400000,0x00000007bf380000)
  from space 6656K, 28% used [0x00000007bf980000,0x00000007bfb58000,0x00000007c0000000)
  to   space 6144K, 0% used [0x00000007bf380000,0x00000007bf380000,0x00000007bf980000)
 ParOldGen       total 150016K, used 49365K [0x0000000700000000, 0x0000000709280000, 0x00000007bc400000)
  object space 150016K, 32% used [0x0000000700000000,0x00000007030357e0,0x0000000709280000)
 Metaspace       used 66095K, capacity 66635K, committed 67200K, reserved 1107968K
  class space    used 9214K, capacity 9333K, committed 9344K, reserved 1048576K
}

