# JRE version: Java(TM) SE Runtime Environment (8.0_112-b15) (build 1.8.0_112-b15)
# Java VM: Java HotSpot(TM) 64-Bit Server VM (25.112-b15 mixed mode windows-amd64 compressed oops)
Heap:
 PSYoungGen      total 55808K, used 28328K [0x00000007bc400000, 0x00000007c0000000, 0x00000007c0000000)
  eden space 50176K, 52% used [0x00000007bc400000,0x00000007bddf2318,0x00000007bf500000)
  from space 5632K, 31% used [0x00000007bfa80000,0x00000007bfc38000,0x00000007c0000000)
  to   space 5632K, 0% used [0x00000007bf500000,0x00000007bf500000,0x00000007bfa80000)
 ParOldGen       total 398848K, used 209447K [0x0000000700000000, 0x0000000718580000, 0x00000007bc400000)
  object space 398848K, 52% used [0x0000000700000000,0x000000070cc89ce0,0x0000000718580000)
 Metaspace       used 82774K, capacity 83667K, committed 84352K, reserved 1122304K
  class space    used 11582K, capacity 11777K, committed 11904K, reserved 1048576K
GC Heap History (10 events):
Event: 276464.934 GC heap before
{Heap before GC invocations=2123 (full 74):
 PSYoungGen      total 54784K, used 49568K [0x00000007bc400000, 0x00000007c0000000, 0x00000007c0000000)
  eden space 48128K, 100% used [0x00000007bc400000,0x00000007bf300000,0x00000007bf300000)
  from space 6656K, 21% used [0x00000007bf980000,0x00000007bfae8000,0x00000007c0000000)
  to   space 6656K, 0% used [0x00000007bf300000,0x00000007bf300000,0x00000007bf980000)
 ParOldGen       total 398848K, used 223546K [0x0000000700000000, 0x0000000718580000, 0x00000007bc400000)
  object space 398848K, 56% used [0x0000000700000000,0x000000070da4ebd0,0x0000000718580000)
 Metaspace       used 82756K, capacity 83603K, committed 84352K, reserved 1122304K
  class space    used 11581K, capacity 11777K, committed 11904K, reserved 1048576K
Event: 276464.940 GC heap after
Heap after GC invocations=2123 (full 74):
 PSYoungGen      total 54784K, used 1696K [0x00000007bc400000, 0x00000007c0000000, 0x00000007c0000000)
  eden space 48128K, 0% used [0x00000007bc400000,0x00000007bc400000,0x00000007bf300000)
  from space 6656K, 25% used [0x00000007bf300000,0x00000007bf4a8000,0x00000007bf980000)
  to   space 6144K, 0% used [0x00000007bfa00000,0x00000007bfa00000,0x00000007c0000000)
 ParOldGen       total 398848K, used 223546K [0x0000000700000000, 0x0000000718580000, 0x00000007bc400000)
  object space 398848K, 56% used [0x0000000700000000,0x000000070da4ebd0,0x0000000718580000)
 Metaspace       used 82756K, capacity 83603K, committed 84352K, reserved 1122304K
  class space    used 11581K, capacity 11777K, committed 11904K, reserved 1048576K
}
Event: 276468.372 GC heap before
{Heap before GC invocations=2124 (full 74):
 PSYoungGen      total 54784K, used 49824K [0x00000007bc400000, 0x00000007c0000000, 0x00000007c0000000)
  eden space 48128K, 100% used [0x00000007bc400000,0x00000007bf300000,0x00000007bf300000)
  from space 6656K, 25% used [0x00000007bf300000,0x00000007bf4a8000,0x00000007bf980000)
  to   space 6144K, 0% used [0x00000007bfa00000,0x00000007bfa00000,0x00000007c0000000)
 ParOldGen       total 398848K, used 223546K [0x0000000700000000, 0x0000000718580000, 0x00000007bc400000)
  object space 398848K, 56% used [0x0000000700000000,0x000000070da4ebd0,0x0000000718580000)
 Metaspace       used 82761K, capacity 83603K, committed 84352K, reserved 1122304K
  class space    used 11581K, capacity 11777K, committed 11904K, reserved 1048576K
Event: 276468.377 GC heap after
Heap after GC invocations=2124 (full 74):
 PSYoungGen      total 55296K, used 1376K [0x00000007bc400000, 0x00000007c0000000, 0x00000007c0000000)
  eden space 49152K, 0% used [0x00000007bc400000,0x00000007bc400000,0x00000007bf400000)
  from space 6144K, 22% used [0x00000007bfa00000,0x00000007bfb58000,0x00000007c0000000)
  to   space 6144K, 0% used [0x00000007bf400000,0x00000007bf400000,0x00000007bfa00000)
 ParOldGen       total 398848K, used 223546K [0x0000000700000000, 0x0000000718580000, 0x00000007bc400000)
  object space 398848K, 56% used [0x0000000700000000,0x000000070da4ebd0,0x0000000718580000)
 Metaspace       used 82761K, capacity 83603K, committed 84352K, reserved 1122304K
  class space    used 11581K, capacity 11777K, committed 11904K, reserved 1048576K
}
Event: 276470.616 GC heap before
{Heap before GC invocations=2125 (full 74):
 PSYoungGen      total 55296K, used 30864K [0x00000007bc400000, 0x00000007c0000000, 0x00000007c0000000)
  eden space 49152K, 59% used [0x00000007bc400000,0x00000007be0cc2a8,0x00000007bf400000)
  from space 6144K, 22% used [0x00000007bfa00000,0x00000007bfb58000,0x00000007c0000000)
  to   space 6144K, 0% used [0x00000007bf400000,0x00000007bf400000,0x00000007bfa00000)
 ParOldGen       total 398848K, used 223546K [0x0000000700000000, 0x0000000718580000, 0x00000007bc400000)
  object space 398848K, 56% used [0x0000000700000000,0x000000070da4ebd0,0x0000000718580000)
 Metaspace       used 82771K, capacity 83667K, committed 84352K, reserved 1122304K
  class space    used 11581K, capacity 11777K, committed 11904K, reserved 1048576K
Event: 276470.620 GC heap after
Heap after GC invocations=2125 (full 74):
 PSYoungGen      total 55296K, used 2016K [0x00000007bc400000, 0x00000007c0000000, 0x00000007c0000000)
  eden space 49152K, 0% used [0x00000007bc400000,0x00000007bc400000,0x00000007bf400000)
  from space 6144K, 32% used [0x00000007bf400000,0x00000007bf5f8000,0x00000007bfa00000)
  to   space 5632K, 0% used [0x00000007bfa80000,0x00000007bfa80000,0x00000007c0000000)
 ParOldGen       total 398848K, used 223546K [0x0000000700000000, 0x0000000718580000, 0x00000007bc400000)
  object space 398848K, 56% used [0x0000000700000000,0x000000070da4ebd0,0x0000000718580000)
 Metaspace       used 82771K, capacity 83667K, committed 84352K, reserved 1122304K
  class space    used 11581K, capacity 11777K, committed 11904K, reserved 1048576K
}
Event: 276470.621 GC heap before
{Heap before GC invocations=2126 (full 75):
 PSYoungGen      total 55296K, used 2016K [0x00000007bc400000, 0x00000007c0000000, 0x00000007c0000000)
  eden space 49152K, 0% used [0x00000007bc400000,0x00000007bc400000,0x00000007bf400000)
  from space 6144K, 32% used [0x00000007bf400000,0x00000007bf5f8000,0x00000007bfa00000)
  to   space 5632K, 0% used [0x00000007bfa80000,0x00000007bfa80000,0x00000007c0000000)
 ParOldGen       total 398848K, used 223546K [0x0000000700000000, 0x0000000718580000, 0x00000007bc400000)
  object space 398848K, 56% used [0x0000000700000000,0x000000070da4ebd0,0x0000000718580000)
 Metaspace       used 82771K, capacity 83667K, committed 84352K, reserved 1122304K
  class space    used 11581K, capacity 11777K, committed 11904K, reserved 1048576K
Event: 276470.872 GC heap after
Heap after GC invocations=2126 (full 75):
 PSYoungGen      total 55296K, used 0K [0x00000007bc400000, 0x00000007c0000000, 0x00000007c0000000)
  eden space 49152K, 0% used [0x00000007bc400000,0x00000007bc400000,0x00000007bf400000)
  from space 6144K, 0% used [0x00000007bf400000,0x00000007bf400000,0x00000007bfa00000)
  to   space 5632K, 0% used [0x00000007bfa80000,0x00000007bfa80000,0x00000007c0000000)
 ParOldGen       total 398848K, used 209447K [0x0000000700000000, 0x0000000718580000, 0x00000007bc400000)
  object space 398848K, 52% used [0x0000000700000000,0x000000070cc89ce0,0x0000000718580000)
 Metaspace       used 82771K, capacity 83667K, committed 84352K, reserved 1122304K
  class space    used 11581K, capacity 11777K, committed 11904K, reserved 1048576K
}
Event: 276480.440 GC heap before
{Heap before GC invocations=2127 (full 75):
 PSYoungGen      total 55296K, used 49152K [0x00000007bc400000, 0x00000007c0000000, 0x00000007c0000000)
  eden space 49152K, 100% used [0x00000007bc400000,0x00000007bf400000,0x00000007bf400000)
  from space 6144K, 0% used [0x00000007bf400000,0x00000007bf400000,0x00000007bfa00000)
  to   space 5632K, 0% used [0x00000007bfa80000,0x00000007bfa80000,0x00000007c0000000)
 ParOldGen       total 398848K, used 209447K [0x0000000700000000, 0x0000000718580000, 0x00000007bc400000)
  object space 398848K, 52% used [0x0000000700000000,0x000000070cc89ce0,0x0000000718580000)
 Metaspace       used 82773K, capacity 83667K, committed 84352K, reserved 1122304K
  class space    used 11582K, capacity 11777K, committed 11904K, reserved 1048576K
Event: 276480.445 GC heap after
Heap after GC invocations=2127 (full 75):
 PSYoungGen      total 55808K, used 1760K [0x00000007bc400000, 0x00000007c0000000, 0x00000007c0000000)
  eden space 50176K, 0% used [0x00000007bc400000,0x00000007bc400000,0x00000007bf500000)
  from space 5632K, 31% used [0x00000007bfa80000,0x00000007bfc38000,0x00000007c0000000)
  to   space 5632K, 0% used [0x00000007bf500000,0x00000007bf500000,0x00000007bfa80000)
 ParOldGen       total 398848K, used 209447K [0x0000000700000000, 0x0000000718580000, 0x00000007bc400000)
  object space 398848K, 52% used [0x0000000700000000,0x000000070cc89ce0,0x0000000718580000)
 Metaspace       used 82773K, capacity 83667K, committed 84352K, reserved 1122304K
  class space    used 11582K, capacity 11777K, committed 11904K, reserved 1048576K
}

