# JRE version: Java(TM) SE Runtime Environment (8.0_112-b15) (build 1.8.0_112-b15)
# Java VM: Java HotSpot(TM) 64-Bit Server VM (25.112-b15 mixed mode windows-amd64 compressed oops)
Heap:
 PSYoungGen      total 52736K, used 21112K [0x00000007bc400000, 0x00000007c0000000, 0x00000007c0000000)
  eden space 44032K, 34% used [0x00000007bc400000,0x00000007bd2a60e8,0x00000007bef00000)
  from space 8704K, 70% used [0x00000007bef00000,0x00000007bf4f8000,0x00000007bf780000)
  to   space 8704K, 0% used [0x00000007bf780000,0x00000007bf780000,0x00000007c0000000)
 ParOldGen       total 263680K, used 203350K [0x0000000700000000, 0x0000000710180000, 0x00000007bc400000)
  object space 263680K, 77% used [0x0000000700000000,0x000000070c6959b8,0x0000000710180000)
 Metaspace       used 90634K, capacity 91535K, committed 92288K, reserved 1128448K
  class space    used 12427K, capacity 12599K, committed 12672K, reserved 1048576K
GC Heap History (10 events):
Event: 6754.494 GC heap before
{Heap before GC invocations=763 (full 28):
 PSYoungGen      total 53248K, used 48726K [0x00000007bc400000, 0x00000007c0000000, 0x00000007c0000000)
  eden space 45056K, 100% used [0x00000007bc400000,0x00000007bf000000,0x00000007bf000000)
  from space 8192K, 44% used [0x00000007bf800000,0x00000007bfb95a60,0x00000007c0000000)
  to   space 8192K, 0% used [0x00000007bf000000,0x00000007bf000000,0x00000007bf800000)
 ParOldGen       total 263680K, used 202110K [0x0000000700000000, 0x0000000710180000, 0x00000007bc400000)
  object space 263680K, 76% used [0x0000000700000000,0x000000070c55f998,0x0000000710180000)
 Metaspace       used 90566K, capacity 91471K, committed 92288K, reserved 1128448K
  class space    used 12423K, capacity 12599K, committed 12672K, reserved 1048576K
Event: 6754.500 GC heap after
Heap after GC invocations=763 (full 28):
 PSYoungGen      total 53248K, used 3766K [0x00000007bc400000, 0x00000007c0000000, 0x00000007c0000000)
  eden space 45056K, 0% used [0x00000007bc400000,0x00000007bc400000,0x00000007bf000000)
  from space 8192K, 45% used [0x00000007bf000000,0x00000007bf3ada60,0x00000007bf800000)
  to   space 8192K, 0% used [0x00000007bf800000,0x00000007bf800000,0x00000007c0000000)
 ParOldGen       total 263680K, used 202190K [0x0000000700000000, 0x0000000710180000, 0x00000007bc400000)
  object space 263680K, 76% used [0x0000000700000000,0x000000070c573998,0x0000000710180000)
 Metaspace       used 90566K, capacity 91471K, committed 92288K, reserved 1128448K
  class space    used 12423K, capacity 12599K, committed 12672K, reserved 1048576K
}
Event: 6756.735 GC heap before
{Heap before GC invocations=764 (full 28):
 PSYoungGen      total 53248K, used 48822K [0x00000007bc400000, 0x00000007c0000000, 0x00000007c0000000)
  eden space 45056K, 100% used [0x00000007bc400000,0x00000007bf000000,0x00000007bf000000)
  from space 8192K, 45% used [0x00000007bf000000,0x00000007bf3ada60,0x00000007bf800000)
  to   space 8192K, 0% used [0x00000007bf800000,0x00000007bf800000,0x00000007c0000000)
 ParOldGen       total 263680K, used 202190K [0x0000000700000000, 0x0000000710180000, 0x00000007bc400000)
  object space 263680K, 76% used [0x0000000700000000,0x000000070c573998,0x0000000710180000)
 Metaspace       used 90617K, capacity 91535K, committed 92288K, reserved 1128448K
  class space    used 12424K, capacity 12599K, committed 12672K, reserved 1048576K
Event: 6756.742 GC heap after
Heap after GC invocations=764 (full 28):
 PSYoungGen      total 53248K, used 5929K [0x00000007bc400000, 0x00000007c0000000, 0x00000007c0000000)
  eden space 45056K, 0% used [0x00000007bc400000,0x00000007bc400000,0x00000007bf000000)
  from space 8192K, 72% used [0x00000007bf800000,0x00000007bfdca600,0x00000007c0000000)
  to   space 8192K, 0% used [0x00000007bf000000,0x00000007bf000000,0x00000007bf800000)
 ParOldGen       total 263680K, used 202414K [0x0000000700000000, 0x0000000710180000, 0x00000007bc400000)
  object space 263680K, 76% used [0x0000000700000000,0x000000070c5ab9a8,0x0000000710180000)
 Metaspace       used 90617K, capacity 91535K, committed 92288K, reserved 1128448K
  class space    used 12424K, capacity 12599K, committed 12672K, reserved 1048576K
}
Event: 6758.587 GC heap before
{Heap before GC invocations=765 (full 28):
 PSYoungGen      total 53248K, used 50985K [0x00000007bc400000, 0x00000007c0000000, 0x00000007c0000000)
  eden space 45056K, 100% used [0x00000007bc400000,0x00000007bf000000,0x00000007bf000000)
  from space 8192K, 72% used [0x00000007bf800000,0x00000007bfdca600,0x00000007c0000000)
  to   space 8192K, 0% used [0x00000007bf000000,0x00000007bf000000,0x00000007bf800000)
 ParOldGen       total 263680K, used 202414K [0x0000000700000000, 0x0000000710180000, 0x00000007bc400000)
  object space 263680K, 76% used [0x0000000700000000,0x000000070c5ab9a8,0x0000000710180000)
 Metaspace       used 90618K, capacity 91535K, committed 92288K, reserved 1128448K
  class space    used 12424K, capacity 12599K, committed 12672K, reserved 1048576K
Event: 6758.593 GC heap after
Heap after GC invocations=765 (full 28):
 PSYoungGen      total 53248K, used 6018K [0x00000007bc400000, 0x00000007c0000000, 0x00000007c0000000)
  eden space 45056K, 0% used [0x00000007bc400000,0x00000007bc400000,0x00000007bf000000)
  from space 8192K, 73% used [0x00000007bf000000,0x00000007bf5e0a70,0x00000007bf800000)
  to   space 8192K, 0% used [0x00000007bf800000,0x00000007bf800000,0x00000007c0000000)
 ParOldGen       total 263680K, used 203150K [0x0000000700000000, 0x0000000710180000, 0x00000007bc400000)
  object space 263680K, 77% used [0x0000000700000000,0x000000070c6639b8,0x0000000710180000)
 Metaspace       used 90618K, capacity 91535K, committed 92288K, reserved 1128448K
  class space    used 12424K, capacity 12599K, committed 12672K, reserved 1048576K
}
Event: 6782.578 GC heap before
{Heap before GC invocations=766 (full 28):
 PSYoungGen      total 53248K, used 51074K [0x00000007bc400000, 0x00000007c0000000, 0x00000007c0000000)
  eden space 45056K, 100% used [0x00000007bc400000,0x00000007bf000000,0x00000007bf000000)
  from space 8192K, 73% used [0x00000007bf000000,0x00000007bf5e0a70,0x00000007bf800000)
  to   space 8192K, 0% used [0x00000007bf800000,0x00000007bf800000,0x00000007c0000000)
 ParOldGen       total 263680K, used 203150K [0x0000000700000000, 0x0000000710180000, 0x00000007bc400000)
  object space 263680K, 77% used [0x0000000700000000,0x000000070c6639b8,0x0000000710180000)
 Metaspace       used 90633K, capacity 91535K, committed 92288K, reserved 1128448K
  class space    used 12427K, capacity 12599K, committed 12672K, reserved 1048576K
Event: 6782.584 GC heap after
Heap after GC invocations=766 (full 28):
 PSYoungGen      total 52224K, used 6498K [0x00000007bc400000, 0x00000007c0000000, 0x00000007c0000000)
  eden space 44032K, 0% used [0x00000007bc400000,0x00000007bc400000,0x00000007bef00000)
  from space 8192K, 79% used [0x00000007bf800000,0x00000007bfe58a70,0x00000007c0000000)
  to   space 8704K, 0% used [0x00000007bef00000,0x00000007bef00000,0x00000007bf780000)
 ParOldGen       total 263680K, used 203254K [0x0000000700000000, 0x0000000710180000, 0x00000007bc400000)
  object space 263680K, 77% used [0x0000000700000000,0x000000070c67d9b8,0x0000000710180000)
 Metaspace       used 90633K, capacity 91535K, committed 92288K, reserved 1128448K
  class space    used 12427K, capacity 12599K, committed 12672K, reserved 1048576K
}
Event: 6788.734 GC heap before
{Heap before GC invocations=767 (full 28):
 PSYoungGen      total 52224K, used 50530K [0x00000007bc400000, 0x00000007c0000000, 0x00000007c0000000)
  eden space 44032K, 100% used [0x00000007bc400000,0x00000007bef00000,0x00000007bef00000)
  from space 8192K, 79% used [0x00000007bf800000,0x00000007bfe58a70,0x00000007c0000000)
  to   space 8704K, 0% used [0x00000007bef00000,0x00000007bef00000,0x00000007bf780000)
 ParOldGen       total 263680K, used 203254K [0x0000000700000000, 0x0000000710180000, 0x00000007bc400000)
  object space 263680K, 77% used [0x0000000700000000,0x000000070c67d9b8,0x0000000710180000)
 Metaspace       used 90633K, capacity 91535K, committed 92288K, reserved 1128448K
  class space    used 12427K, capacity 12599K, committed 12672K, reserved 1048576K
Event: 6788.739 GC heap after
Heap after GC invocations=767 (full 28):
 PSYoungGen      total 52736K, used 6112K [0x00000007bc400000, 0x00000007c0000000, 0x00000007c0000000)
  eden space 44032K, 0% used [0x00000007bc400000,0x00000007bc400000,0x00000007bef00000)
  from space 8704K, 70% used [0x00000007bef00000,0x00000007bf4f8000,0x00000007bf780000)
  to   space 8704K, 0% used [0x00000007bf780000,0x00000007bf780000,0x00000007c0000000)
 ParOldGen       total 263680K, used 203350K [0x0000000700000000, 0x0000000710180000, 0x00000007bc400000)
  object space 263680K, 77% used [0x0000000700000000,0x000000070c6959b8,0x0000000710180000)
 Metaspace       used 90633K, capacity 91535K, committed 92288K, reserved 1128448K
  class space    used 12427K, capacity 12599K, committed 12672K, reserved 1048576K
}

