# JRE version: Java(TM) SE Runtime Environment (8.0_112-b15) (build 1.8.0_112-b15)
# Java VM: Java HotSpot(TM) 64-Bit Server VM (25.112-b15 mixed mode windows-amd64 compressed oops)
Heap:
 PSYoungGen      total 51712K, used 7498K [0x00000007bc400000, 0x00000007c0000000, 0x00000007c0000000)
  eden space 40960K, 11% used [0x00000007bc400000,0x00000007bc8a8b00,0x00000007bec00000)
  from space 10752K, 25% used [0x00000007bf580000,0x00000007bf829ec0,0x00000007c0000000)
  to   space 9728K, 0% used [0x00000007bec00000,0x00000007bec00000,0x00000007bf580000)
 ParOldGen       total 153600K, used 43296K [0x0000000700000000, 0x0000000709600000, 0x00000007bc400000)
  object space 153600K, 28% used [0x0000000700000000,0x0000000702a48078,0x0000000709600000)
 Metaspace       used 58965K, capacity 59409K, committed 60032K, reserved 1101824K
  class space    used 8156K, capacity 8288K, committed 8320K, reserved 1048576K
GC Heap History (10 events):
Event: 95.119 GC heap before
{Heap before GC invocations=36 (full 3):
 PSYoungGen      total 49152K, used 3884K [0x00000007bc400000, 0x00000007c0000000, 0x00000007c0000000)
  eden space 35840K, 4% used [0x00000007bc400000,0x00000007bc598348,0x00000007be700000)
  from space 13312K, 16% used [0x00000007bf300000,0x00000007bf532d98,0x00000007c0000000)
  to   space 12288K, 0% used [0x00000007be700000,0x00000007be700000,0x00000007bf300000)
 ParOldGen       total 153600K, used 46178K [0x0000000700000000, 0x0000000709600000, 0x00000007bc400000)
  object space 153600K, 30% used [0x0000000700000000,0x0000000702d18be8,0x0000000709600000)
 Metaspace       used 58694K, capacity 59141K, committed 59776K, reserved 1101824K
  class space    used 8126K, capacity 8222K, committed 8320K, reserved 1048576K
Event: 95.123 GC heap after
Heap after GC invocations=36 (full 3):
 PSYoungGen      total 48128K, used 2155K [0x00000007bc400000, 0x00000007c0000000, 0x00000007c0000000)
  eden space 35840K, 0% used [0x00000007bc400000,0x00000007bc400000,0x00000007be700000)
  from space 12288K, 17% used [0x00000007be700000,0x00000007be91ad98,0x00000007bf300000)
  to   space 11776K, 0% used [0x00000007bf480000,0x00000007bf480000,0x00000007c0000000)
 ParOldGen       total 153600K, used 46178K [0x0000000700000000, 0x0000000709600000, 0x00000007bc400000)
  object space 153600K, 30% used [0x0000000700000000,0x0000000702d18be8,0x0000000709600000)
 Metaspace       used 58694K, capacity 59141K, committed 59776K, reserved 1101824K
  class space    used 8126K, capacity 8222K, committed 8320K, reserved 1048576K
}
Event: 95.123 GC heap before
{Heap before GC invocations=37 (full 4):
 PSYoungGen      total 48128K, used 2155K [0x00000007bc400000, 0x00000007c0000000, 0x00000007c0000000)
  eden space 35840K, 0% used [0x00000007bc400000,0x00000007bc400000,0x00000007be700000)
  from space 12288K, 17% used [0x00000007be700000,0x00000007be91ad98,0x00000007bf300000)
  to   space 11776K, 0% used [0x00000007bf480000,0x00000007bf480000,0x00000007c0000000)
 ParOldGen       total 153600K, used 46178K [0x0000000700000000, 0x0000000709600000, 0x00000007bc400000)
  object space 153600K, 30% used [0x0000000700000000,0x0000000702d18be8,0x0000000709600000)
 Metaspace       used 58694K, capacity 59141K, committed 59776K, reserved 1101824K
  class space    used 8126K, capacity 8222K, committed 8320K, reserved 1048576K
Event: 95.320 GC heap after
Heap after GC invocations=37 (full 4):
 PSYoungGen      total 48128K, used 0K [0x00000007bc400000, 0x00000007c0000000, 0x00000007c0000000)
  eden space 35840K, 0% used [0x00000007bc400000,0x00000007bc400000,0x00000007be700000)
  from space 12288K, 0% used [0x00000007be700000,0x00000007be700000,0x00000007bf300000)
  to   space 11776K, 0% used [0x00000007bf480000,0x00000007bf480000,0x00000007c0000000)
 ParOldGen       total 153600K, used 43280K [0x0000000700000000, 0x0000000709600000, 0x00000007bc400000)
  object space 153600K, 28% used [0x0000000700000000,0x0000000702a44078,0x0000000709600000)
 Metaspace       used 58694K, capacity 59141K, committed 59776K, reserved 1101824K
  class space    used 8126K, capacity 8222K, committed 8320K, reserved 1048576K
}
Event: 142.899 GC heap before
{Heap before GC invocations=38 (full 4):
 PSYoungGen      total 48128K, used 35840K [0x00000007bc400000, 0x00000007c0000000, 0x00000007c0000000)
  eden space 35840K, 100% used [0x00000007bc400000,0x00000007be700000,0x00000007be700000)
  from space 12288K, 0% used [0x00000007be700000,0x00000007be700000,0x00000007bf300000)
  to   space 11776K, 0% used [0x00000007bf480000,0x00000007bf480000,0x00000007c0000000)
 ParOldGen       total 153600K, used 43280K [0x0000000700000000, 0x0000000709600000, 0x00000007bc400000)
  object space 153600K, 28% used [0x0000000700000000,0x0000000702a44078,0x0000000709600000)
 Metaspace       used 58751K, capacity 59205K, committed 59776K, reserved 1101824K
  class space    used 8127K, capacity 8222K, committed 8320K, reserved 1048576K
Event: 142.903 GC heap after
Heap after GC invocations=38 (full 4):
 PSYoungGen      total 50176K, used 1312K [0x00000007bc400000, 0x00000007c0000000, 0x00000007c0000000)
  eden space 38400K, 0% used [0x00000007bc400000,0x00000007bc400000,0x00000007be980000)
  from space 11776K, 11% used [0x00000007bf480000,0x00000007bf5c8000,0x00000007c0000000)
  to   space 11264K, 0% used [0x00000007be980000,0x00000007be980000,0x00000007bf480000)
 ParOldGen       total 153600K, used 43288K [0x0000000700000000, 0x0000000709600000, 0x00000007bc400000)
  object space 153600K, 28% used [0x0000000700000000,0x0000000702a46078,0x0000000709600000)
 Metaspace       used 58751K, capacity 59205K, committed 59776K, reserved 1101824K
  class space    used 8127K, capacity 8222K, committed 8320K, reserved 1048576K
}
Event: 168.616 GC heap before
{Heap before GC invocations=39 (full 4):
 PSYoungGen      total 50176K, used 39712K [0x00000007bc400000, 0x00000007c0000000, 0x00000007c0000000)
  eden space 38400K, 100% used [0x00000007bc400000,0x00000007be980000,0x00000007be980000)
  from space 11776K, 11% used [0x00000007bf480000,0x00000007bf5c8000,0x00000007c0000000)
  to   space 11264K, 0% used [0x00000007be980000,0x00000007be980000,0x00000007bf480000)
 ParOldGen       total 153600K, used 43288K [0x0000000700000000, 0x0000000709600000, 0x00000007bc400000)
  object space 153600K, 28% used [0x0000000700000000,0x0000000702a46078,0x0000000709600000)
 Metaspace       used 58844K, capacity 59275K, committed 59776K, reserved 1101824K
  class space    used 8128K, capacity 8223K, committed 8320K, reserved 1048576K
Event: 168.620 GC heap after
Heap after GC invocations=39 (full 4):
 PSYoungGen      total 49664K, used 1664K [0x00000007bc400000, 0x00000007c0000000, 0x00000007c0000000)
  eden space 38400K, 0% used [0x00000007bc400000,0x00000007bc400000,0x00000007be980000)
  from space 11264K, 14% used [0x00000007be980000,0x00000007beb20000,0x00000007bf480000)
  to   space 10752K, 0% used [0x00000007bf580000,0x00000007bf580000,0x00000007c0000000)
 ParOldGen       total 153600K, used 43296K [0x0000000700000000, 0x0000000709600000, 0x00000007bc400000)
  object space 153600K, 28% used [0x0000000700000000,0x0000000702a48078,0x0000000709600000)
 Metaspace       used 58844K, capacity 59275K, committed 59776K, reserved 1101824K
  class space    used 8128K, capacity 8223K, committed 8320K, reserved 1048576K
}
Event: 177.153 GC heap before
{Heap before GC invocations=40 (full 4):
 PSYoungGen      total 49664K, used 40064K [0x00000007bc400000, 0x00000007c0000000, 0x00000007c0000000)
  eden space 38400K, 100% used [0x00000007bc400000,0x00000007be980000,0x00000007be980000)
  from space 11264K, 14% used [0x00000007be980000,0x00000007beb20000,0x00000007bf480000)
  to   space 10752K, 0% used [0x00000007bf580000,0x00000007bf580000,0x00000007c0000000)
 ParOldGen       total 153600K, used 43296K [0x0000000700000000, 0x0000000709600000, 0x00000007bc400000)
  object space 153600K, 28% used [0x0000000700000000,0x0000000702a48078,0x0000000709600000)
 Metaspace       used 58958K, capacity 59403K, committed 60032K, reserved 1101824K
  class space    used 8155K, capacity 8287K, committed 8320K, reserved 1048576K
Event: 177.158 GC heap after
Heap after GC invocations=40 (full 4):
 PSYoungGen      total 51712K, used 2727K [0x00000007bc400000, 0x00000007c0000000, 0x00000007c0000000)
  eden space 40960K, 0% used [0x00000007bc400000,0x00000007bc400000,0x00000007bec00000)
  from space 10752K, 25% used [0x00000007bf580000,0x00000007bf829ec0,0x00000007c0000000)
  to   space 9728K, 0% used [0x00000007bec00000,0x00000007bec00000,0x00000007bf580000)
 ParOldGen       total 153600K, used 43296K [0x0000000700000000, 0x0000000709600000, 0x00000007bc400000)
  object space 153600K, 28% used [0x0000000700000000,0x0000000702a48078,0x0000000709600000)
 Metaspace       used 58958K, capacity 59403K, committed 60032K, reserved 1101824K
  class space    used 8155K, capacity 8287K, committed 8320K, reserved 1048576K
}

