# JRE version: Java(TM) SE Runtime Environment (8.0_112-b15) (build 1.8.0_112-b15)
# Java VM: Java HotSpot(TM) 64-Bit Server VM (25.112-b15 mixed mode windows-amd64 compressed oops)
Heap:
 PSYoungGen      total 49664K, used 6942K [0x00000007bc400000, 0x00000007c0000000, 0x00000007c0000000)
  eden space 36864K, 11% used [0x00000007bc400000,0x00000007bc8338f0,0x00000007be800000)
  from space 12800K, 20% used [0x00000007bf380000,0x00000007bf614010,0x00000007c0000000)
  to   space 11776K, 0% used [0x00000007be800000,0x00000007be800000,0x00000007bf380000)
 ParOldGen       total 145408K, used 45077K [0x0000000700000000, 0x0000000708e00000, 0x00000007bc400000)
  object space 145408K, 31% used [0x0000000700000000,0x0000000702c05618,0x0000000708e00000)
 Metaspace       used 60036K, capacity 60427K, committed 60928K, reserved 1101824K
  class space    used 8325K, capacity 8415K, committed 8448K, reserved 1048576K
GC Heap History (10 events):
Event: 73.467 GC heap before
{Heap before GC invocations=37 (full 5):
 PSYoungGen      total 46080K, used 2536K [0x00000007bc400000, 0x00000007c0000000, 0x00000007c0000000)
  eden space 29184K, 0% used [0x00000007bc400000,0x00000007bc400000,0x00000007be080000)
  from space 16896K, 15% used [0x00000007bef80000,0x00000007bf1fa348,0x00000007c0000000)
  to   space 15360K, 0% used [0x00000007be080000,0x00000007be080000,0x00000007bef80000)
 ParOldGen       total 145408K, used 45792K [0x0000000700000000, 0x0000000708e00000, 0x00000007bc400000)
  object space 145408K, 31% used [0x0000000700000000,0x0000000702cb81a0,0x0000000708e00000)
 Metaspace       used 59579K, capacity 59935K, committed 60672K, reserved 1101824K
  class space    used 8292K, capacity 8381K, committed 8448K, reserved 1048576K
Event: 73.718 GC heap after
Heap after GC invocations=37 (full 5):
 PSYoungGen      total 46080K, used 0K [0x00000007bc400000, 0x00000007c0000000, 0x00000007c0000000)
  eden space 29184K, 0% used [0x00000007bc400000,0x00000007bc400000,0x00000007be080000)
  from space 16896K, 0% used [0x00000007bef80000,0x00000007bef80000,0x00000007c0000000)
  to   space 15360K, 0% used [0x00000007be080000,0x00000007be080000,0x00000007bef80000)
 ParOldGen       total 145408K, used 45053K [0x0000000700000000, 0x0000000708e00000, 0x00000007bc400000)
  object space 145408K, 30% used [0x0000000700000000,0x0000000702bff618,0x0000000708e00000)
 Metaspace       used 59579K, capacity 59935K, committed 60672K, reserved 1101824K
  class space    used 8292K, capacity 8381K, committed 8448K, reserved 1048576K
}
Event: 82.564 GC heap before
{Heap before GC invocations=38 (full 5):
 PSYoungGen      total 46080K, used 29184K [0x00000007bc400000, 0x00000007c0000000, 0x00000007c0000000)
  eden space 29184K, 100% used [0x00000007bc400000,0x00000007be080000,0x00000007be080000)
  from space 16896K, 0% used [0x00000007bef80000,0x00000007bef80000,0x00000007c0000000)
  to   space 15360K, 0% used [0x00000007be080000,0x00000007be080000,0x00000007bef80000)
 ParOldGen       total 145408K, used 45053K [0x0000000700000000, 0x0000000708e00000, 0x00000007bc400000)
  object space 145408K, 30% used [0x0000000700000000,0x0000000702bff618,0x0000000708e00000)
 Metaspace       used 59729K, capacity 60159K, committed 60672K, reserved 1101824K
  class space    used 8293K, capacity 8413K, committed 8448K, reserved 1048576K
Event: 82.570 GC heap after
Heap after GC invocations=38 (full 5):
 PSYoungGen      total 44544K, used 1952K [0x00000007bc400000, 0x00000007c0000000, 0x00000007c0000000)
  eden space 29184K, 0% used [0x00000007bc400000,0x00000007bc400000,0x00000007be080000)
  from space 15360K, 12% used [0x00000007be080000,0x00000007be268000,0x00000007bef80000)
  to   space 14336K, 0% used [0x00000007bf200000,0x00000007bf200000,0x00000007c0000000)
 ParOldGen       total 145408K, used 45061K [0x0000000700000000, 0x0000000708e00000, 0x00000007bc400000)
  object space 145408K, 30% used [0x0000000700000000,0x0000000702c01618,0x0000000708e00000)
 Metaspace       used 59729K, capacity 60159K, committed 60672K, reserved 1101824K
  class space    used 8293K, capacity 8413K, committed 8448K, reserved 1048576K
}
Event: 121.925 GC heap before
{Heap before GC invocations=39 (full 5):
 PSYoungGen      total 44544K, used 31136K [0x00000007bc400000, 0x00000007c0000000, 0x00000007c0000000)
  eden space 29184K, 100% used [0x00000007bc400000,0x00000007be080000,0x00000007be080000)
  from space 15360K, 12% used [0x00000007be080000,0x00000007be268000,0x00000007bef80000)
  to   space 14336K, 0% used [0x00000007bf200000,0x00000007bf200000,0x00000007c0000000)
 ParOldGen       total 145408K, used 45061K [0x0000000700000000, 0x0000000708e00000, 0x00000007bc400000)
  object space 145408K, 30% used [0x0000000700000000,0x0000000702c01618,0x0000000708e00000)
 Metaspace       used 59809K, capacity 60223K, committed 60928K, reserved 1101824K
  class space    used 8294K, capacity 8413K, committed 8448K, reserved 1048576K
Event: 121.929 GC heap after
Heap after GC invocations=39 (full 5):
 PSYoungGen      total 47616K, used 1760K [0x00000007bc400000, 0x00000007c0000000, 0x00000007c0000000)
  eden space 33280K, 0% used [0x00000007bc400000,0x00000007bc400000,0x00000007be480000)
  from space 14336K, 12% used [0x00000007bf200000,0x00000007bf3b8000,0x00000007c0000000)
  to   space 13824K, 0% used [0x00000007be480000,0x00000007be480000,0x00000007bf200000)
 ParOldGen       total 145408K, used 45069K [0x0000000700000000, 0x0000000708e00000, 0x00000007bc400000)
  object space 145408K, 30% used [0x0000000700000000,0x0000000702c03618,0x0000000708e00000)
 Metaspace       used 59809K, capacity 60223K, committed 60928K, reserved 1101824K
  class space    used 8294K, capacity 8413K, committed 8448K, reserved 1048576K
}
Event: 143.795 GC heap before
{Heap before GC invocations=40 (full 5):
 PSYoungGen      total 47616K, used 35040K [0x00000007bc400000, 0x00000007c0000000, 0x00000007c0000000)
  eden space 33280K, 100% used [0x00000007bc400000,0x00000007be480000,0x00000007be480000)
  from space 14336K, 12% used [0x00000007bf200000,0x00000007bf3b8000,0x00000007c0000000)
  to   space 13824K, 0% used [0x00000007be480000,0x00000007be480000,0x00000007bf200000)
 ParOldGen       total 145408K, used 45069K [0x0000000700000000, 0x0000000708e00000, 0x00000007bc400000)
  object space 145408K, 30% used [0x0000000700000000,0x0000000702c03618,0x0000000708e00000)
 Metaspace       used 59852K, capacity 60287K, committed 60928K, reserved 1101824K
  class space    used 8296K, capacity 8413K, committed 8448K, reserved 1048576K
Event: 143.798 GC heap after
Heap after GC invocations=40 (full 5):
 PSYoungGen      total 47104K, used 1920K [0x00000007bc400000, 0x00000007c0000000, 0x00000007c0000000)
  eden space 33280K, 0% used [0x00000007bc400000,0x00000007bc400000,0x00000007be480000)
  from space 13824K, 13% used [0x00000007be480000,0x00000007be660000,0x00000007bf200000)
  to   space 12800K, 0% used [0x00000007bf380000,0x00000007bf380000,0x00000007c0000000)
 ParOldGen       total 145408K, used 45069K [0x0000000700000000, 0x0000000708e00000, 0x00000007bc400000)
  object space 145408K, 30% used [0x0000000700000000,0x0000000702c03618,0x0000000708e00000)
 Metaspace       used 59852K, capacity 60287K, committed 60928K, reserved 1101824K
  class space    used 8296K, capacity 8413K, committed 8448K, reserved 1048576K
}
Event: 148.723 GC heap before
{Heap before GC invocations=41 (full 5):
 PSYoungGen      total 47104K, used 35200K [0x00000007bc400000, 0x00000007c0000000, 0x00000007c0000000)
  eden space 33280K, 100% used [0x00000007bc400000,0x00000007be480000,0x00000007be480000)
  from space 13824K, 13% used [0x00000007be480000,0x00000007be660000,0x00000007bf200000)
  to   space 12800K, 0% used [0x00000007bf380000,0x00000007bf380000,0x00000007c0000000)
 ParOldGen       total 145408K, used 45069K [0x0000000700000000, 0x0000000708e00000, 0x00000007bc400000)
  object space 145408K, 30% used [0x0000000700000000,0x0000000702c03618,0x0000000708e00000)
 Metaspace       used 60027K, capacity 60421K, committed 60928K, reserved 1101824K
  class space    used 8324K, capacity 8414K, committed 8448K, reserved 1048576K
Event: 148.727 GC heap after
Heap after GC invocations=41 (full 5):
 PSYoungGen      total 49664K, used 2640K [0x00000007bc400000, 0x00000007c0000000, 0x00000007c0000000)
  eden space 36864K, 0% used [0x00000007bc400000,0x00000007bc400000,0x00000007be800000)
  from space 12800K, 20% used [0x00000007bf380000,0x00000007bf614010,0x00000007c0000000)
  to   space 11776K, 0% used [0x00000007be800000,0x00000007be800000,0x00000007bf380000)
 ParOldGen       total 145408K, used 45077K [0x0000000700000000, 0x0000000708e00000, 0x00000007bc400000)
  object space 145408K, 31% used [0x0000000700000000,0x0000000702c05618,0x0000000708e00000)
 Metaspace       used 60027K, capacity 60421K, committed 60928K, reserved 1101824K
  class space    used 8324K, capacity 8414K, committed 8448K, reserved 1048576K
}

