# JRE version: Java(TM) SE Runtime Environment (8.0_112-b15) (build 1.8.0_112-b15)
# Java VM: Java HotSpot(TM) 64-Bit Server VM (25.112-b15 mixed mode windows-amd64 compressed oops)
Heap:
 PSYoungGen      total 52736K, used 39788K [0x00000007bc400000, 0x00000007c0000000, 0x00000007c0000000)
  eden space 44032K, 86% used [0x00000007bc400000,0x00000007be93b060,0x00000007bef00000)
  from space 8704K, 19% used [0x00000007bef00000,0x00000007bf0a0000,0x00000007bf780000)
  to   space 8704K, 0% used [0x00000007bf780000,0x00000007bf780000,0x00000007c0000000)
 ParOldGen       total 238592K, used 104673K [0x0000000700000000, 0x000000070e900000, 0x00000007bc400000)
  object space 238592K, 43% used [0x0000000700000000,0x0000000706638690,0x000000070e900000)
 Metaspace       used 78744K, capacity 79523K, committed 80384K, reserved 1118208K
  class space    used 11054K, capacity 11191K, committed 11264K, reserved 1048576K
GC Heap History (10 events):
Event: 5991.016 GC heap before
{Heap before GC invocations=495 (full 15):
 PSYoungGen      total 51200K, used 43051K [0x00000007bc400000, 0x00000007c0000000, 0x00000007c0000000)
  eden space 40960K, 100% used [0x00000007bc400000,0x00000007bec00000,0x00000007bec00000)
  from space 10240K, 20% used [0x00000007bec00000,0x00000007bee0ac08,0x00000007bf600000)
  to   space 9728K, 0% used [0x00000007bf680000,0x00000007bf680000,0x00000007c0000000)
 ParOldGen       total 238592K, used 102776K [0x0000000700000000, 0x000000070e900000, 0x00000007bc400000)
  object space 238592K, 43% used [0x0000000700000000,0x000000070645e318,0x000000070e900000)
 Metaspace       used 78649K, capacity 79325K, committed 80128K, reserved 1118208K
  class space    used 11042K, capacity 11190K, committed 11264K, reserved 1048576K
Event: 5991.021 GC heap after
Heap after GC invocations=495 (full 15):
 PSYoungGen      total 52224K, used 3990K [0x00000007bc400000, 0x00000007c0000000, 0x00000007c0000000)
  eden space 42496K, 0% used [0x00000007bc400000,0x00000007bc400000,0x00000007bed80000)
  from space 9728K, 41% used [0x00000007bf680000,0x00000007bfa65ad8,0x00000007c0000000)
  to   space 9216K, 0% used [0x00000007bed80000,0x00000007bed80000,0x00000007bf680000)
 ParOldGen       total 238592K, used 102776K [0x0000000700000000, 0x000000070e900000, 0x00000007bc400000)
  object space 238592K, 43% used [0x0000000700000000,0x000000070645e318,0x000000070e900000)
 Metaspace       used 78649K, capacity 79325K, committed 80128K, reserved 1118208K
  class space    used 11042K, capacity 11190K, committed 11264K, reserved 1048576K
}
Event: 5993.644 GC heap before
{Heap before GC invocations=496 (full 15):
 PSYoungGen      total 52224K, used 9852K [0x00000007bc400000, 0x00000007c0000000, 0x00000007c0000000)
  eden space 42496K, 13% used [0x00000007bc400000,0x00000007bc9b97f8,0x00000007bed80000)
  from space 9728K, 41% used [0x00000007bf680000,0x00000007bfa65ad8,0x00000007c0000000)
  to   space 9216K, 0% used [0x00000007bed80000,0x00000007bed80000,0x00000007bf680000)
 ParOldGen       total 238592K, used 102776K [0x0000000700000000, 0x000000070e900000, 0x00000007bc400000)
  object space 238592K, 43% used [0x0000000700000000,0x000000070645e318,0x000000070e900000)
 Metaspace       used 78651K, capacity 79325K, committed 80128K, reserved 1118208K
  class space    used 11042K, capacity 11190K, committed 11264K, reserved 1048576K
Event: 5993.649 GC heap after
Heap after GC invocations=496 (full 15):
 PSYoungGen      total 51712K, used 3497K [0x00000007bc400000, 0x00000007c0000000, 0x00000007c0000000)
  eden space 42496K, 0% used [0x00000007bc400000,0x00000007bc400000,0x00000007bed80000)
  from space 9216K, 37% used [0x00000007bed80000,0x00000007bf0ea5e8,0x00000007bf680000)
  to   space 8704K, 0% used [0x00000007bf780000,0x00000007bf780000,0x00000007c0000000)
 ParOldGen       total 238592K, used 102776K [0x0000000700000000, 0x000000070e900000, 0x00000007bc400000)
  object space 238592K, 43% used [0x0000000700000000,0x000000070645e318,0x000000070e900000)
 Metaspace       used 78651K, capacity 79325K, committed 80128K, reserved 1118208K
  class space    used 11042K, capacity 11190K, committed 11264K, reserved 1048576K
}
Event: 5993.649 GC heap before
{Heap before GC invocations=497 (full 16):
 PSYoungGen      total 51712K, used 3497K [0x00000007bc400000, 0x00000007c0000000, 0x00000007c0000000)
  eden space 42496K, 0% used [0x00000007bc400000,0x00000007bc400000,0x00000007bed80000)
  from space 9216K, 37% used [0x00000007bed80000,0x00000007bf0ea5e8,0x00000007bf680000)
  to   space 8704K, 0% used [0x00000007bf780000,0x00000007bf780000,0x00000007c0000000)
 ParOldGen       total 238592K, used 102776K [0x0000000700000000, 0x000000070e900000, 0x00000007bc400000)
  object space 238592K, 43% used [0x0000000700000000,0x000000070645e318,0x000000070e900000)
 Metaspace       used 78651K, capacity 79325K, committed 80128K, reserved 1118208K
  class space    used 11042K, capacity 11190K, committed 11264K, reserved 1048576K
Event: 5993.916 GC heap after
Heap after GC invocations=497 (full 16):
 PSYoungGen      total 51712K, used 0K [0x00000007bc400000, 0x00000007c0000000, 0x00000007c0000000)
  eden space 42496K, 0% used [0x00000007bc400000,0x00000007bc400000,0x00000007bed80000)
  from space 9216K, 0% used [0x00000007bed80000,0x00000007bed80000,0x00000007bf680000)
  to   space 8704K, 0% used [0x00000007bf780000,0x00000007bf780000,0x00000007c0000000)
 ParOldGen       total 238592K, used 104665K [0x0000000700000000, 0x000000070e900000, 0x00000007bc400000)
  object space 238592K, 43% used [0x0000000700000000,0x0000000706636690,0x000000070e900000)
 Metaspace       used 78651K, capacity 79325K, committed 80128K, reserved 1118208K
  class space    used 11042K, capacity 11190K, committed 11264K, reserved 1048576K
}
Event: 6040.973 GC heap before
{Heap before GC invocations=498 (full 16):
 PSYoungGen      total 51712K, used 42496K [0x00000007bc400000, 0x00000007c0000000, 0x00000007c0000000)
  eden space 42496K, 100% used [0x00000007bc400000,0x00000007bed80000,0x00000007bed80000)
  from space 9216K, 0% used [0x00000007bed80000,0x00000007bed80000,0x00000007bf680000)
  to   space 8704K, 0% used [0x00000007bf780000,0x00000007bf780000,0x00000007c0000000)
 ParOldGen       total 238592K, used 104665K [0x0000000700000000, 0x000000070e900000, 0x00000007bc400000)
  object space 238592K, 43% used [0x0000000700000000,0x0000000706636690,0x000000070e900000)
 Metaspace       used 78670K, capacity 79453K, committed 80128K, reserved 1118208K
  class space    used 11042K, capacity 11190K, committed 11264K, reserved 1048576K
Event: 6040.977 GC heap after
Heap after GC invocations=498 (full 16):
 PSYoungGen      total 52736K, used 1440K [0x00000007bc400000, 0x00000007c0000000, 0x00000007c0000000)
  eden space 44032K, 0% used [0x00000007bc400000,0x00000007bc400000,0x00000007bef00000)
  from space 8704K, 16% used [0x00000007bf780000,0x00000007bf8e8000,0x00000007c0000000)
  to   space 8704K, 0% used [0x00000007bef00000,0x00000007bef00000,0x00000007bf780000)
 ParOldGen       total 238592K, used 104673K [0x0000000700000000, 0x000000070e900000, 0x00000007bc400000)
  object space 238592K, 43% used [0x0000000700000000,0x0000000706638690,0x000000070e900000)
 Metaspace       used 78670K, capacity 79453K, committed 80128K, reserved 1118208K
  class space    used 11042K, capacity 11190K, committed 11264K, reserved 1048576K
}
Event: 6059.033 GC heap before
{Heap before GC invocations=499 (full 16):
 PSYoungGen      total 52736K, used 45472K [0x00000007bc400000, 0x00000007c0000000, 0x00000007c0000000)
  eden space 44032K, 100% used [0x00000007bc400000,0x00000007bef00000,0x00000007bef00000)
  from space 8704K, 16% used [0x00000007bf780000,0x00000007bf8e8000,0x00000007c0000000)
  to   space 8704K, 0% used [0x00000007bef00000,0x00000007bef00000,0x00000007bf780000)
 ParOldGen       total 238592K, used 104673K [0x0000000700000000, 0x000000070e900000, 0x00000007bc400000)
  object space 238592K, 43% used [0x0000000700000000,0x0000000706638690,0x000000070e900000)
 Metaspace       used 78674K, capacity 79459K, committed 80128K, reserved 1118208K
  class space    used 11043K, capacity 11191K, committed 11264K, reserved 1048576K
Event: 6059.037 GC heap after
Heap after GC invocations=499 (full 16):
 PSYoungGen      total 52736K, used 1664K [0x00000007bc400000, 0x00000007c0000000, 0x00000007c0000000)
  eden space 44032K, 0% used [0x00000007bc400000,0x00000007bc400000,0x00000007bef00000)
  from space 8704K, 19% used [0x00000007bef00000,0x00000007bf0a0000,0x00000007bf780000)
  to   space 8704K, 0% used [0x00000007bf780000,0x00000007bf780000,0x00000007c0000000)
 ParOldGen       total 238592K, used 104673K [0x0000000700000000, 0x000000070e900000, 0x00000007bc400000)
  object space 238592K, 43% used [0x0000000700000000,0x0000000706638690,0x000000070e900000)
 Metaspace       used 78674K, capacity 79459K, committed 80128K, reserved 1118208K
  class space    used 11043K, capacity 11191K, committed 11264K, reserved 1048576K
}

