# JRE version: Java(TM) SE Runtime Environment (8.0_112-b15) (build 1.8.0_112-b15)
# Java VM: Java HotSpot(TM) 64-Bit Server VM (25.112-b15 mixed mode windows-amd64 compressed oops)
Heap:
 PSYoungGen      total 55296K, used 27546K [0x00000007bc400000, 0x00000007c0000000, 0x00000007c0000000)
  eden space 49152K, 50% used [0x00000007bc400000,0x00000007bdc2e9a0,0x00000007bf400000)
  from space 6144K, 45% used [0x00000007bfa00000,0x00000007bfcb8010,0x00000007c0000000)
  to   space 6144K, 0% used [0x00000007bf400000,0x00000007bf400000,0x00000007bfa00000)
 ParOldGen       total 253440K, used 104035K [0x0000000700000000, 0x000000070f780000, 0x00000007bc400000)
  object space 253440K, 41% used [0x0000000700000000,0x0000000706598f98,0x000000070f780000)
 Metaspace       used 82260K, capacity 83089K, committed 83584K, reserved 1120256K
  class space    used 11663K, capacity 11814K, committed 11904K, reserved 1048576K
GC Heap History (10 events):
Event: 5565.692 GC heap before
{Heap before GC invocations=950 (full 18):
 PSYoungGen      total 54784K, used 50272K [0x00000007bc400000, 0x00000007c0000000, 0x00000007c0000000)
  eden space 48128K, 100% used [0x00000007bc400000,0x00000007bf300000,0x00000007bf300000)
  from space 6656K, 32% used [0x00000007bf300000,0x00000007bf518000,0x00000007bf980000)
  to   space 6656K, 0% used [0x00000007bf980000,0x00000007bf980000,0x00000007c0000000)
 ParOldGen       total 253440K, used 104027K [0x0000000700000000, 0x000000070f780000, 0x00000007bc400000)
  object space 253440K, 41% used [0x0000000700000000,0x0000000706596f98,0x000000070f780000)
 Metaspace       used 82190K, capacity 83025K, committed 83584K, reserved 1120256K
  class space    used 11652K, capacity 11814K, committed 11904K, reserved 1048576K
Event: 5565.699 GC heap after
Heap after GC invocations=950 (full 18):
 PSYoungGen      total 54784K, used 2400K [0x00000007bc400000, 0x00000007c0000000, 0x00000007c0000000)
  eden space 48128K, 0% used [0x00000007bc400000,0x00000007bc400000,0x00000007bf300000)
  from space 6656K, 36% used [0x00000007bf980000,0x00000007bfbd8010,0x00000007c0000000)
  to   space 6656K, 0% used [0x00000007bf300000,0x00000007bf300000,0x00000007bf980000)
 ParOldGen       total 253440K, used 104027K [0x0000000700000000, 0x000000070f780000, 0x00000007bc400000)
  object space 253440K, 41% used [0x0000000700000000,0x0000000706596f98,0x000000070f780000)
 Metaspace       used 82190K, capacity 83025K, committed 83584K, reserved 1120256K
  class space    used 11652K, capacity 11814K, committed 11904K, reserved 1048576K
}
Event: 5573.450 GC heap before
{Heap before GC invocations=951 (full 18):
 PSYoungGen      total 54784K, used 50528K [0x00000007bc400000, 0x00000007c0000000, 0x00000007c0000000)
  eden space 48128K, 100% used [0x00000007bc400000,0x00000007bf300000,0x00000007bf300000)
  from space 6656K, 36% used [0x00000007bf980000,0x00000007bfbd8010,0x00000007c0000000)
  to   space 6656K, 0% used [0x00000007bf300000,0x00000007bf300000,0x00000007bf980000)
 ParOldGen       total 253440K, used 104027K [0x0000000700000000, 0x000000070f780000, 0x00000007bc400000)
  object space 253440K, 41% used [0x0000000700000000,0x0000000706596f98,0x000000070f780000)
 Metaspace       used 82190K, capacity 83025K, committed 83584K, reserved 1120256K
  class space    used 11652K, capacity 11814K, committed 11904K, reserved 1048576K
Event: 5573.456 GC heap after
Heap after GC invocations=951 (full 18):
 PSYoungGen      total 54784K, used 2528K [0x00000007bc400000, 0x00000007c0000000, 0x00000007c0000000)
  eden space 48128K, 0% used [0x00000007bc400000,0x00000007bc400000,0x00000007bf300000)
  from space 6656K, 37% used [0x00000007bf300000,0x00000007bf578010,0x00000007bf980000)
  to   space 6656K, 0% used [0x00000007bf980000,0x00000007bf980000,0x00000007c0000000)
 ParOldGen       total 253440K, used 104027K [0x0000000700000000, 0x000000070f780000, 0x00000007bc400000)
  object space 253440K, 41% used [0x0000000700000000,0x0000000706596f98,0x000000070f780000)
 Metaspace       used 82190K, capacity 83025K, committed 83584K, reserved 1120256K
  class space    used 11652K, capacity 11814K, committed 11904K, reserved 1048576K
}
Event: 5584.742 GC heap before
{Heap before GC invocations=952 (full 18):
 PSYoungGen      total 54784K, used 50656K [0x00000007bc400000, 0x00000007c0000000, 0x00000007c0000000)
  eden space 48128K, 100% used [0x00000007bc400000,0x00000007bf300000,0x00000007bf300000)
  from space 6656K, 37% used [0x00000007bf300000,0x00000007bf578010,0x00000007bf980000)
  to   space 6656K, 0% used [0x00000007bf980000,0x00000007bf980000,0x00000007c0000000)
 ParOldGen       total 253440K, used 104027K [0x0000000700000000, 0x000000070f780000, 0x00000007bc400000)
  object space 253440K, 41% used [0x0000000700000000,0x0000000706596f98,0x000000070f780000)
 Metaspace       used 82198K, capacity 83089K, committed 83584K, reserved 1120256K
  class space    used 11652K, capacity 11814K, committed 11904K, reserved 1048576K
Event: 5584.748 GC heap after
Heap after GC invocations=952 (full 18):
 PSYoungGen      total 55296K, used 2720K [0x00000007bc400000, 0x00000007c0000000, 0x00000007c0000000)
  eden space 48640K, 0% used [0x00000007bc400000,0x00000007bc400000,0x00000007bf380000)
  from space 6656K, 40% used [0x00000007bf980000,0x00000007bfc28010,0x00000007c0000000)
  to   space 6144K, 0% used [0x00000007bf380000,0x00000007bf380000,0x00000007bf980000)
 ParOldGen       total 253440K, used 104027K [0x0000000700000000, 0x000000070f780000, 0x00000007bc400000)
  object space 253440K, 41% used [0x0000000700000000,0x0000000706596f98,0x000000070f780000)
 Metaspace       used 82198K, capacity 83089K, committed 83584K, reserved 1120256K
  class space    used 11652K, capacity 11814K, committed 11904K, reserved 1048576K
}
Event: 5596.093 GC heap before
{Heap before GC invocations=953 (full 18):
 PSYoungGen      total 55296K, used 51360K [0x00000007bc400000, 0x00000007c0000000, 0x00000007c0000000)
  eden space 48640K, 100% used [0x00000007bc400000,0x00000007bf380000,0x00000007bf380000)
  from space 6656K, 40% used [0x00000007bf980000,0x00000007bfc28010,0x00000007c0000000)
  to   space 6144K, 0% used [0x00000007bf380000,0x00000007bf380000,0x00000007bf980000)
 ParOldGen       total 253440K, used 104027K [0x0000000700000000, 0x000000070f780000, 0x00000007bc400000)
  object space 253440K, 41% used [0x0000000700000000,0x0000000706596f98,0x000000070f780000)
 Metaspace       used 82198K, capacity 83089K, committed 83584K, reserved 1120256K
  class space    used 11652K, capacity 11814K, committed 11904K, reserved 1048576K
Event: 5596.099 GC heap after
Heap after GC invocations=953 (full 18):
 PSYoungGen      total 54784K, used 2720K [0x00000007bc400000, 0x00000007c0000000, 0x00000007c0000000)
  eden space 48640K, 0% used [0x00000007bc400000,0x00000007bc400000,0x00000007bf380000)
  from space 6144K, 44% used [0x00000007bf380000,0x00000007bf628010,0x00000007bf980000)
  to   space 6144K, 0% used [0x00000007bfa00000,0x00000007bfa00000,0x00000007c0000000)
 ParOldGen       total 253440K, used 104035K [0x0000000700000000, 0x000000070f780000, 0x00000007bc400000)
  object space 253440K, 41% used [0x0000000700000000,0x0000000706598f98,0x000000070f780000)
 Metaspace       used 82198K, capacity 83089K, committed 83584K, reserved 1120256K
  class space    used 11652K, capacity 11814K, committed 11904K, reserved 1048576K
}
Event: 5606.914 GC heap before
{Heap before GC invocations=954 (full 18):
 PSYoungGen      total 54784K, used 51360K [0x00000007bc400000, 0x00000007c0000000, 0x00000007c0000000)
  eden space 48640K, 100% used [0x00000007bc400000,0x00000007bf380000,0x00000007bf380000)
  from space 6144K, 44% used [0x00000007bf380000,0x00000007bf628010,0x00000007bf980000)
  to   space 6144K, 0% used [0x00000007bfa00000,0x00000007bfa00000,0x00000007c0000000)
 ParOldGen       total 253440K, used 104035K [0x0000000700000000, 0x000000070f780000, 0x00000007bc400000)
  object space 253440K, 41% used [0x0000000700000000,0x0000000706598f98,0x000000070f780000)
 Metaspace       used 82198K, capacity 83089K, committed 83584K, reserved 1120256K
  class space    used 11652K, capacity 11814K, committed 11904K, reserved 1048576K
Event: 5606.918 GC heap after
Heap after GC invocations=954 (full 18):
 PSYoungGen      total 55296K, used 2784K [0x00000007bc400000, 0x00000007c0000000, 0x00000007c0000000)
  eden space 49152K, 0% used [0x00000007bc400000,0x00000007bc400000,0x00000007bf400000)
  from space 6144K, 45% used [0x00000007bfa00000,0x00000007bfcb8010,0x00000007c0000000)
  to   space 6144K, 0% used [0x00000007bf400000,0x00000007bf400000,0x00000007bfa00000)
 ParOldGen       total 253440K, used 104035K [0x0000000700000000, 0x000000070f780000, 0x00000007bc400000)
  object space 253440K, 41% used [0x0000000700000000,0x0000000706598f98,0x000000070f780000)
 Metaspace       used 82198K, capacity 83089K, committed 83584K, reserved 1120256K
  class space    used 11652K, capacity 11814K, committed 11904K, reserved 1048576K
}

