# JRE version: Java(TM) SE Runtime Environment (8.0_112-b15) (build 1.8.0_112-b15)
# Java VM: Java HotSpot(TM) 64-Bit Server VM (25.112-b15 mixed mode windows-amd64 compressed oops)
Heap:
 PSYoungGen      total 55296K, used 22534K [0x00000007bc400000, 0x00000007c0000000, 0x00000007c0000000)
  eden space 49152K, 38% used [0x00000007bc400000,0x00000007bd63dcf8,0x00000007bf400000)
  from space 6144K, 62% used [0x00000007bfa00000,0x00000007bfdc3b58,0x00000007c0000000)
  to   space 6144K, 0% used [0x00000007bf400000,0x00000007bf400000,0x00000007bfa00000)
 ParOldGen       total 156160K, used 86078K [0x0000000700000000, 0x0000000709880000, 0x00000007bc400000)
  object space 156160K, 55% used [0x0000000700000000,0x000000070540fa68,0x0000000709880000)
 Metaspace       used 71067K, capacity 71665K, committed 72448K, reserved 1112064K
  class space    used 9773K, capacity 9928K, committed 9984K, reserved 1048576K
GC Heap History (10 events):
Event: 312.848 GC heap before
{Heap before GC invocations=107 (full 9):
 PSYoungGen      total 55296K, used 50720K [0x00000007bc400000, 0x00000007c0000000, 0x00000007c0000000)
  eden space 49152K, 100% used [0x00000007bc400000,0x00000007bf400000,0x00000007bf400000)
  from space 6144K, 25% used [0x00000007bf400000,0x00000007bf588000,0x00000007bfa00000)
  to   space 6144K, 0% used [0x00000007bfa00000,0x00000007bfa00000,0x00000007c0000000)
 ParOldGen       total 156160K, used 86054K [0x0000000700000000, 0x0000000709880000, 0x00000007bc400000)
  object space 156160K, 55% used [0x0000000700000000,0x0000000705409a68,0x0000000709880000)
 Metaspace       used 70653K, capacity 71245K, committed 72192K, reserved 1112064K
  class space    used 9714K, capacity 9858K, committed 9984K, reserved 1048576K
Event: 312.852 GC heap after
Heap after GC invocations=107 (full 9):
 PSYoungGen      total 55808K, used 1504K [0x00000007bc400000, 0x00000007c0000000, 0x00000007c0000000)
  eden space 49664K, 0% used [0x00000007bc400000,0x00000007bc400000,0x00000007bf480000)
  from space 6144K, 24% used [0x00000007bfa00000,0x00000007bfb78000,0x00000007c0000000)
  to   space 5632K, 0% used [0x00000007bf480000,0x00000007bf480000,0x00000007bfa00000)
 ParOldGen       total 156160K, used 86054K [0x0000000700000000, 0x0000000709880000, 0x00000007bc400000)
  object space 156160K, 55% used [0x0000000700000000,0x0000000705409a68,0x0000000709880000)
 Metaspace       used 70653K, capacity 71245K, committed 72192K, reserved 1112064K
  class space    used 9714K, capacity 9858K, committed 9984K, reserved 1048576K
}
Event: 318.341 GC heap before
{Heap before GC invocations=108 (full 9):
 PSYoungGen      total 55808K, used 51168K [0x00000007bc400000, 0x00000007c0000000, 0x00000007c0000000)
  eden space 49664K, 100% used [0x00000007bc400000,0x00000007bf480000,0x00000007bf480000)
  from space 6144K, 24% used [0x00000007bfa00000,0x00000007bfb78000,0x00000007c0000000)
  to   space 5632K, 0% used [0x00000007bf480000,0x00000007bf480000,0x00000007bfa00000)
 ParOldGen       total 156160K, used 86054K [0x0000000700000000, 0x0000000709880000, 0x00000007bc400000)
  object space 156160K, 55% used [0x0000000700000000,0x0000000705409a68,0x0000000709880000)
 Metaspace       used 70938K, capacity 71505K, committed 72448K, reserved 1112064K
  class space    used 9762K, capacity 9896K, committed 9984K, reserved 1048576K
Event: 318.345 GC heap after
Heap after GC invocations=108 (full 9):
 PSYoungGen      total 55296K, used 1888K [0x00000007bc400000, 0x00000007c0000000, 0x00000007c0000000)
  eden space 49664K, 0% used [0x00000007bc400000,0x00000007bc400000,0x00000007bf480000)
  from space 5632K, 33% used [0x00000007bf480000,0x00000007bf658000,0x00000007bfa00000)
  to   space 5632K, 0% used [0x00000007bfa80000,0x00000007bfa80000,0x00000007c0000000)
 ParOldGen       total 156160K, used 86054K [0x0000000700000000, 0x0000000709880000, 0x00000007bc400000)
  object space 156160K, 55% used [0x0000000700000000,0x0000000705409a68,0x0000000709880000)
 Metaspace       used 70938K, capacity 71505K, committed 72448K, reserved 1112064K
  class space    used 9762K, capacity 9896K, committed 9984K, reserved 1048576K
}
Event: 333.813 GC heap before
{Heap before GC invocations=109 (full 9):
 PSYoungGen      total 55296K, used 51552K [0x00000007bc400000, 0x00000007c0000000, 0x00000007c0000000)
  eden space 49664K, 100% used [0x00000007bc400000,0x00000007bf480000,0x00000007bf480000)
  from space 5632K, 33% used [0x00000007bf480000,0x00000007bf658000,0x00000007bfa00000)
  to   space 5632K, 0% used [0x00000007bfa80000,0x00000007bfa80000,0x00000007c0000000)
 ParOldGen       total 156160K, used 86054K [0x0000000700000000, 0x0000000709880000, 0x00000007bc400000)
  object space 156160K, 55% used [0x0000000700000000,0x0000000705409a68,0x0000000709880000)
 Metaspace       used 70975K, capacity 71569K, committed 72448K, reserved 1112064K
  class space    used 9762K, capacity 9896K, committed 9984K, reserved 1048576K
Event: 333.818 GC heap after
Heap after GC invocations=109 (full 9):
 PSYoungGen      total 54784K, used 3987K [0x00000007bc400000, 0x00000007c0000000, 0x00000007c0000000)
  eden space 49152K, 0% used [0x00000007bc400000,0x00000007bc400000,0x00000007bf400000)
  from space 5632K, 70% used [0x00000007bfa80000,0x00000007bfe64e50,0x00000007c0000000)
  to   space 6144K, 0% used [0x00000007bf400000,0x00000007bf400000,0x00000007bfa00000)
 ParOldGen       total 156160K, used 86062K [0x0000000700000000, 0x0000000709880000, 0x00000007bc400000)
  object space 156160K, 55% used [0x0000000700000000,0x000000070540ba68,0x0000000709880000)
 Metaspace       used 70975K, capacity 71569K, committed 72448K, reserved 1112064K
  class space    used 9762K, capacity 9896K, committed 9984K, reserved 1048576K
}
Event: 392.841 GC heap before
{Heap before GC invocations=110 (full 9):
 PSYoungGen      total 54784K, used 53139K [0x00000007bc400000, 0x00000007c0000000, 0x00000007c0000000)
  eden space 49152K, 100% used [0x00000007bc400000,0x00000007bf400000,0x00000007bf400000)
  from space 5632K, 70% used [0x00000007bfa80000,0x00000007bfe64e50,0x00000007c0000000)
  to   space 6144K, 0% used [0x00000007bf400000,0x00000007bf400000,0x00000007bfa00000)
 ParOldGen       total 156160K, used 86062K [0x0000000700000000, 0x0000000709880000, 0x00000007bc400000)
  object space 156160K, 55% used [0x0000000700000000,0x000000070540ba68,0x0000000709880000)
 Metaspace       used 70991K, capacity 71569K, committed 72448K, reserved 1112064K
  class space    used 9762K, capacity 9896K, committed 9984K, reserved 1048576K
Event: 392.846 GC heap after
Heap after GC invocations=110 (full 9):
 PSYoungGen      total 55296K, used 3475K [0x00000007bc400000, 0x00000007c0000000, 0x00000007c0000000)
  eden space 49152K, 0% used [0x00000007bc400000,0x00000007bc400000,0x00000007bf400000)
  from space 6144K, 56% used [0x00000007bf400000,0x00000007bf764e50,0x00000007bfa00000)
  to   space 6144K, 0% used [0x00000007bfa00000,0x00000007bfa00000,0x00000007c0000000)
 ParOldGen       total 156160K, used 86070K [0x0000000700000000, 0x0000000709880000, 0x00000007bc400000)
  object space 156160K, 55% used [0x0000000700000000,0x000000070540da68,0x0000000709880000)
 Metaspace       used 70991K, capacity 71569K, committed 72448K, reserved 1112064K
  class space    used 9762K, capacity 9896K, committed 9984K, reserved 1048576K
}
Event: 406.423 GC heap before
{Heap before GC invocations=111 (full 9):
 PSYoungGen      total 55296K, used 52627K [0x00000007bc400000, 0x00000007c0000000, 0x00000007c0000000)
  eden space 49152K, 100% used [0x00000007bc400000,0x00000007bf400000,0x00000007bf400000)
  from space 6144K, 56% used [0x00000007bf400000,0x00000007bf764e50,0x00000007bfa00000)
  to   space 6144K, 0% used [0x00000007bfa00000,0x00000007bfa00000,0x00000007c0000000)
 ParOldGen       total 156160K, used 86070K [0x0000000700000000, 0x0000000709880000, 0x00000007bc400000)
  object space 156160K, 55% used [0x0000000700000000,0x000000070540da68,0x0000000709880000)
 Metaspace       used 71003K, capacity 71569K, committed 72448K, reserved 1112064K
  class space    used 9762K, capacity 9896K, committed 9984K, reserved 1048576K
Event: 406.428 GC heap after
Heap after GC invocations=111 (full 9):
 PSYoungGen      total 55296K, used 3854K [0x00000007bc400000, 0x00000007c0000000, 0x00000007c0000000)
  eden space 49152K, 0% used [0x00000007bc400000,0x00000007bc400000,0x00000007bf400000)
  from space 6144K, 62% used [0x00000007bfa00000,0x00000007bfdc3b58,0x00000007c0000000)
  to   space 6144K, 0% used [0x00000007bf400000,0x00000007bf400000,0x00000007bfa00000)
 ParOldGen       total 156160K, used 86078K [0x0000000700000000, 0x0000000709880000, 0x00000007bc400000)
  object space 156160K, 55% used [0x0000000700000000,0x000000070540fa68,0x0000000709880000)
 Metaspace       used 71003K, capacity 71569K, committed 72448K, reserved 1112064K
  class space    used 9762K, capacity 9896K, committed 9984K, reserved 1048576K
}

